Log file open, 01/08/24 13:01:58
LogWindows: Failed to load 'aqProf.dll' (GetLastError=126)
LogWindows: File 'aqProf.dll' does not exist
LogWindows: Failed to load 'VtuneApi.dll' (GetLastError=126)
LogWindows: File 'VtuneApi.dll' does not exist
LogWindows: Failed to load 'VtuneApi32e.dll' (GetLastError=126)
LogWindows: File 'VtuneApi32e.dll' does not exist
LogConsoleResponse: Display: Failed to find resolution value strings in scalability ini. Falling back to default.
LogConsoleResponse: Display: Failed to find resolution value strings in scalability ini. Falling back to default.
LogInit: Display: Running engine for game: MyProject
LogPlatformFile: Not using cached read wrapper
LogTaskGraph: Started task graph with 5 named threads and 23 total threads with 3 sets of task threads.
LogStats: Stats thread started at 0.848078
LogICUInternationalization: ICU TimeZone Detection - Raw Offset: +1:00, Platform Override: ''
LogInit: Display: Loading text-based GConfig....
LogPluginManager: Mounting plugin MeshPainting
LogPluginManager: Mounting plugin XGEController
LogPluginManager: Mounting plugin Paper2D
LogPluginManager: Mounting plugin LightPropagationVolume
LogPluginManager: Mounting plugin AISupport
LogPluginManager: Mounting plugin EnvironmentQueryEditor
LogPluginManager: Mounting plugin LiveLink
LogPluginManager: Mounting plugin CameraShakePreviewer
LogPluginManager: Mounting plugin GameplayCameras
LogPluginManager: Mounting plugin AnimationSharing
LogPluginManager: Mounting plugin CLionSourceCodeAccess
LogPluginManager: Mounting plugin CodeLiteSourceCodeAccess
LogPluginManager: Mounting plugin GitSourceControl
LogPluginManager: Mounting plugin NullSourceCodeAccess
LogPluginManager: Mounting plugin KDevelopSourceCodeAccess
LogPluginManager: Mounting plugin PixWinPlugin
LogPluginManager: Mounting plugin PlasticSourceControl
LogPluginManager: Mounting plugin PluginUtils
LogPluginManager: Mounting plugin PerforceSourceControl
LogPluginManager: Mounting plugin PropertyAccessNode
LogPluginManager: Mounting plugin SubversionSourceControl
LogPluginManager: Mounting plugin RiderSourceCodeAccess
LogPluginManager: Mounting plugin TextureFormatOodle
LogPluginManager: Mounting plugin UObjectPlugin
LogPluginManager: Mounting plugin OodleData
LogPluginManager: Mounting plugin OodleNetwork
LogPluginManager: Mounting plugin DatasmithContent
LogPluginManager: Mounting plugin AlembicImporter
LogPluginManager: Mounting plugin VariantManagerContent
LogPluginManager: Mounting plugin BackChannel
LogPluginManager: Mounting plugin AutomationUtils
LogPluginManager: Mounting plugin Niagara
LogPluginManager: Mounting plugin ChaosEditor
LogPluginManager: Mounting plugin ChaosClothEditor
LogPluginManager: Mounting plugin ChaosCloth
LogPluginManager: Mounting plugin ChaosNiagara
LogPluginManager: Mounting plugin ChaosSolverPlugin
LogPluginManager: Mounting plugin CharacterAI
LogPluginManager: Mounting plugin GeometryCache
LogPluginManager: Mounting plugin GeometryCollectionPlugin
LogPluginManager: Mounting plugin GeometryProcessing
LogPluginManager: Mounting plugin OpenImageDenoise
LogPluginManager: Mounting plugin MotoSynth
LogPluginManager: Mounting plugin PlanarCut
LogPluginManager: Mounting plugin ProxyLODPlugin
LogPluginManager: Mounting plugin PythonScriptPlugin
LogPluginManager: Mounting plugin PlatformCrypto
LogPluginManager: Mounting plugin SkeletalReduction
LogPluginManager: Mounting plugin LuminPlatformFeatures
LogPluginManager: Mounting plugin MagicLeap
LogPluginManager: Mounting plugin MagicLeapMedia
LogPluginManager: Mounting plugin MagicLeapLightEstimation
LogPluginManager: Mounting plugin MagicLeapPassableWorld
LogPluginManager: Mounting plugin MLSDK
LogPluginManager: Mounting plugin AndroidMedia
LogPluginManager: Mounting plugin AvfMedia
LogPluginManager: Mounting plugin ImgMedia
LogPluginManager: Mounting plugin MediaCompositing
LogPluginManager: Mounting plugin MediaPlayerEditor
LogPluginManager: Mounting plugin WmfMedia
LogPluginManager: Mounting plugin WebMMedia
LogPluginManager: Mounting plugin TcpMessaging
LogPluginManager: Mounting plugin UdpMessaging
LogPluginManager: Mounting plugin ActorSequence
LogPluginManager: Mounting plugin MatineeToLevelSequence
LogPluginManager: Mounting plugin LevelSequenceEditor
LogPluginManager: Mounting plugin TemplateSequence
LogPluginManager: Mounting plugin OnlineSubsystem
LogPluginManager: Mounting plugin OnlineSubsystemNull
LogPluginManager: Mounting plugin OnlineSubsystemUtils
LogPluginManager: Mounting plugin LauncherChunkInstaller
LogPluginManager: Mounting plugin ActorLayerUtilities
LogPluginManager: Mounting plugin AndroidMoviePlayer
LogPluginManager: Mounting plugin AndroidDeviceProfileSelector
LogPluginManager: Mounting plugin AndroidPermission
LogPluginManager: Mounting plugin AppleMoviePlayer
LogPluginManager: Mounting plugin ArchVisCharacter
LogPluginManager: Mounting plugin AssetTags
LogPluginManager: Mounting plugin AppleImageUtils
LogPluginManager: Mounting plugin AudioCapture
LogPluginManager: Mounting plugin CableComponent
LogPluginManager: Mounting plugin AudioSynesthesia
LogPluginManager: Mounting plugin ChunkDownloader
LogPluginManager: Mounting plugin CustomMeshComponent
LogPluginManager: Mounting plugin EditableMesh
LogPluginManager: Mounting plugin ExampleDeviceProfileSelector
LogPluginManager: Mounting plugin GoogleCloudMessaging
LogPluginManager: Mounting plugin GooglePAD
LogPluginManager: Mounting plugin IOSDeviceProfileSelector
LogPluginManager: Mounting plugin LinuxDeviceProfileSelector
LogPluginManager: Mounting plugin LocationServicesBPLibrary
LogPluginManager: Mounting plugin MobilePatchingUtils
LogPluginManager: Mounting plugin OpenXR
LogPluginManager: Mounting plugin OpenXREyeTracker
LogPluginManager: Mounting plugin OpenXRHandTracking
LogPluginManager: Mounting plugin PostSplashScreen
LogPluginManager: Mounting plugin PhysXVehicles
LogPluginManager: Mounting plugin ProceduralMeshComponent
LogPluginManager: Mounting plugin RuntimePhysXCooking
LogPluginManager: Mounting plugin PropertyAccessEditor
LogPluginManager: Mounting plugin SignificanceManager
LogPluginManager: Mounting plugin SoundFields
LogPluginManager: Mounting plugin Synthesis
LogPluginManager: Mounting plugin WebMMoviePlayer
LogPluginManager: Mounting plugin WindowsMoviePlayer
LogPluginManager: Mounting plugin ScreenshotTools
LogPluginManager: Mounting plugin Takes
LogPluginManager: Mounting plugin VisualStudioCodeSourceCodeAccess
LogPluginManager: Mounting plugin VisualStudioSourceCodeAccess
LogPluginManager: Mounting plugin XCodeSourceCodeAccess
LogPluginManager: Mounting plugin AssetManagerEditor
LogPluginManager: Mounting plugin CryptoKeys
LogPluginManager: Mounting plugin DataValidation
LogPluginManager: Mounting plugin FacialAnimation
LogPluginManager: Mounting plugin CurveEditorTools
LogPluginManager: Mounting plugin GameplayTagsEditor
LogPluginManager: Mounting plugin GeometryMode
LogPluginManager: Mounting plugin MaterialAnalyzer
LogPluginManager: Mounting plugin MacGraphicsSwitching
LogPluginManager: Mounting plugin MobileLauncherProfileWizard
LogPluginManager: Mounting plugin PluginBrowser
LogPluginManager: Mounting plugin SpeedTreeImporter
LogPluginManager: Mounting plugin OnlineSubsystemGooglePlay
LogPluginManager: Mounting plugin OnlineSubsystemIOS
LogPluginManager: Mounting plugin OculusVR
LogPluginManager: Mounting plugin SteamVR
LogPluginManager: Mounting plugin ContentBrowserAssetDataSource
LogPluginManager: Mounting plugin ContentBrowserClassDataSource
LogPluginManager: Mounting plugin ContentBrowserFileDataSource
PixWinPlugin: PIX capture plugin failed to initialize! Check that the process is launched from PIX.
LogInit: Using libcurl 7.55.1-DEV
LogInit:  - built for x86_64-pc-win32
LogInit:  - supports SSL with OpenSSL/1.1.1
LogInit:  - supports HTTP deflate (compression) using libz 1.2.8
LogInit:  - other features:
LogInit:      CURL_VERSION_SSL
LogInit:      CURL_VERSION_LIBZ
LogInit:      CURL_VERSION_IPV6
LogInit:      CURL_VERSION_ASYNCHDNS
LogInit:      CURL_VERSION_LARGEFILE
LogInit:      CURL_VERSION_IDN
LogInit:  CurlRequestOptions (configurable via config and command line):
LogInit:  - bVerifyPeer = true  - Libcurl will verify peer certificate
LogInit:  - bUseHttpProxy = false  - Libcurl will NOT use HTTP proxy
LogInit:  - bDontReuseConnections = false  - Libcurl will reuse connections
LogInit:  - MaxHostConnections = 16  - Libcurl will limit the number of connections to a host
LogInit:  - LocalHostAddr = Default
LogInit:  - BufferSize = 65536
LogOnline: OSS: Creating online subsystem instance for: NULL
LogInit: WinSock: version 1.1 (2.2), MaxSocks=32767, MaxUdp=65467
LogOnline: OSS: TryLoadSubsystemAndSetDefault: Loaded subsystem for module [NULL]
LogOculusPluginWrapper: OculusPlugin initialized successfully
LogHMD: Failed initializing OVRPlugin 1.59.0
LogInit: Build: ++UE4+Release-4.27-CL-18319896
LogInit: Engine Version: 4.27.2-18319896+++UE4+Release-4.27
LogInit: Compatible Engine Version: 4.27.0-17155196+++UE4+Release-4.27
LogInit: Net CL: 17155196
LogInit: OS: Windows 10 (Release 2009) (), CPU: AMD Ryzen 7 3700U with Radeon Vega Mobile Gfx  , GPU: AMD Radeon(TM) RX Vega 10 Graphics 
LogInit: Compiled (64-bit): Nov 30 2021 07:12:08
LogInit: Compiled with Visual C++: 19.24.28315.00
LogInit: Build Configuration: Development
LogInit: Branch Name: ++UE4+Release-4.27
LogInit: Command Line: 
LogInit: Base Directory: C:/Program Files/Epic Games/UE_4.27/Engine/Binaries/Win64/
LogInit: Allocator: TBB
LogInit: Installed Engine Build: 1
LogDevObjectVersion: Number of dev versions registered: 29
LogDevObjectVersion:   Dev-Blueprints (B0D832E4-1F89-4F0D-ACCF-7EB736FD4AA2): 10
LogDevObjectVersion:   Dev-Build (E1C64328-A22C-4D53-A36C-8E866417BD8C): 0
LogDevObjectVersion:   Dev-Core (375EC13C-06E4-48FB-B500-84F0262A717E): 4
LogDevObjectVersion:   Dev-Editor (E4B068ED-F494-42E9-A231-DA0B2E46BB41): 40
LogDevObjectVersion:   Dev-Framework (CFFC743F-43B0-4480-9391-14DF171D2073): 37
LogDevObjectVersion:   Dev-Mobile (B02B49B5-BB20-44E9-A304-32B752E40360): 3
LogDevObjectVersion:   Dev-Networking (A4E4105C-59A1-49B5-A7C5-40C4547EDFEE): 0
LogDevObjectVersion:   Dev-Online (39C831C9-5AE6-47DC-9A44-9C173E1C8E7C): 0
LogDevObjectVersion:   Dev-Physics (78F01B33-EBEA-4F98-B9B4-84EACCB95AA2): 14
LogDevObjectVersion:   Dev-Platform (6631380F-2D4D-43E0-8009-CF276956A95A): 0
LogDevObjectVersion:   Dev-Rendering (12F88B9F-8875-4AFC-A67C-D90C383ABD29): 45
LogDevObjectVersion:   Dev-Sequencer (7B5AE74C-D270-4C10-A958-57980B212A5A): 13
LogDevObjectVersion:   Dev-VR (D7296918-1DD6-4BDD-9DE2-64A83CC13884): 3
LogDevObjectVersion:   Dev-LoadTimes (C2A15278-BFE7-4AFE-6C17-90FF531DF755): 1
LogDevObjectVersion:   Private-Geometry (6EACA3D4-40EC-4CC1-B786-8BED09428FC5): 3
LogDevObjectVersion:   Dev-AnimPhys (29E575DD-E0A3-4627-9D10-D276232CDCEA): 17
LogDevObjectVersion:   Dev-Anim (AF43A65D-7FD3-4947-9873-3E8ED9C1BB05): 15
LogDevObjectVersion:   Dev-ReflectionCapture (6B266CEC-1EC7-4B8F-A30B-E4D90942FC07): 1
LogDevObjectVersion:   Dev-Automation (0DF73D61-A23F-47EA-B727-89E90C41499A): 1
LogDevObjectVersion:   FortniteMain (601D1886-AC64-4F84-AA16-D3DE0DEAC7D6): 47
LogDevObjectVersion:   FortniteRelease (E7086368-6B23-4C58-8439-1B7016265E91): 1
LogDevObjectVersion:   Dev-Enterprise (9DFFBCD6-494F-0158-E221-12823C92A888): 10
LogDevObjectVersion:   Dev-Niagara (F2AED0AC-9AFE-416F-8664-AA7FFA26D6FC): 1
LogDevObjectVersion:   Dev-Destruction (174F1F0B-B4C6-45A5-B13F-2EE8D0FB917D): 10
LogDevObjectVersion:   Dev-Physics-Ext (35F94A83-E258-406C-A318-09F59610247C): 41
LogDevObjectVersion:   Dev-PhysicsMaterial-Chaos (B68FC16E-8B1B-42E2-B453-215C058844FE): 1
LogDevObjectVersion:   Dev-CineCamera (B2E18506-4273-CFC2-A54E-F4BB758BBA07): 1
LogDevObjectVersion:   Dev-VirtualProduction (64F58936-FD1B-42BA-BA96-7289D5D0FA4E): 1
LogDevObjectVersion:   Dev-MediaFramework (6F0ED827-A609-4895-9C91-998D90180EA4): 2
LogInit: Presizing for max 25165824 objects, including 0 objects not considered by GC, pre-allocating 0 bytes for permanent pool.
LogConfig: Applying CVar settings from Section [/Script/Engine.StreamingSettings] File [C:/Users/macie/OneDrive/Dokumenty/Unreal Projects/MyProject/Saved/Config/Windows/Engine.ini]
LogConfig: Setting CVar [[s.MinBulkDataSizeForAsyncLoading:131072]]
LogConfig: Setting CVar [[s.AsyncLoadingThreadEnabled:0]]
LogConfig: Setting CVar [[s.EventDrivenLoaderEnabled:1]]
LogConfig: Setting CVar [[s.WarnIfTimeLimitExceeded:0]]
LogConfig: Setting CVar [[s.TimeLimitExceededMultiplier:1.5]]
LogConfig: Setting CVar [[s.TimeLimitExceededMinTime:0.005]]
LogConfig: Setting CVar [[s.UseBackgroundLevelStreaming:1]]
LogConfig: Setting CVar [[s.PriorityAsyncLoadingExtraTime:15.0]]
LogConfig: Setting CVar [[s.LevelStreamingActorsUpdateTimeLimit:5.0]]
LogConfig: Setting CVar [[s.PriorityLevelStreamingActorsUpdateExtraTime:5.0]]
LogConfig: Setting CVar [[s.LevelStreamingComponentsRegistrationGranularity:10]]
LogConfig: Setting CVar [[s.UnregisterComponentsTimeLimit:1.0]]
LogConfig: Setting CVar [[s.LevelStreamingComponentsUnregistrationGranularity:5]]
LogConfig: Setting CVar [[s.FlushStreamingOnExit:1]]
LogInit: Object subsystem initialized
LogConfig: Setting CVar [[con.DebugEarlyDefault:1]]
LogConfig: Setting CVar [[r.setres:1280x720]]
[2024.01.08-12.02.00:466][  0]LogConfig: Setting CVar [[r.VSync:0]]
[2024.01.08-12.02.00:466][  0]LogConfig: Setting CVar [[r.RHICmdBypass:0]]
[2024.01.08-12.02.00:466][  0]LogConfig: Applying CVar settings from Section [/Script/Engine.RendererSettings] File [C:/Users/macie/OneDrive/Dokumenty/Unreal Projects/MyProject/Saved/Config/Windows/Engine.ini]
[2024.01.08-12.02.00:466][  0]LogConfig: Setting CVar [[r.GPUCrashDebugging:0]]
[2024.01.08-12.02.00:466][  0]LogConfig: Applying CVar settings from Section [/Script/Engine.RendererOverrideSettings] File [C:/Users/macie/OneDrive/Dokumenty/Unreal Projects/MyProject/Saved/Config/Windows/Engine.ini]
[2024.01.08-12.02.00:466][  0]LogConfig: Applying CVar settings from Section [/Script/Engine.StreamingSettings] File [C:/Users/macie/OneDrive/Dokumenty/Unreal Projects/MyProject/Saved/Config/Windows/Engine.ini]
[2024.01.08-12.02.00:467][  0]LogConfig: Setting CVar [[s.MinBulkDataSizeForAsyncLoading:131072]]
[2024.01.08-12.02.00:467][  0]LogConfig: Setting CVar [[s.AsyncLoadingThreadEnabled:0]]
[2024.01.08-12.02.00:467][  0]LogConfig: Setting CVar [[s.EventDrivenLoaderEnabled:1]]
[2024.01.08-12.02.00:467][  0]LogConfig: Setting CVar [[s.WarnIfTimeLimitExceeded:0]]
[2024.01.08-12.02.00:467][  0]LogConfig: Setting CVar [[s.TimeLimitExceededMultiplier:1.5]]
[2024.01.08-12.02.00:467][  0]LogConfig: Setting CVar [[s.TimeLimitExceededMinTime:0.005]]
[2024.01.08-12.02.00:467][  0]LogConfig: Setting CVar [[s.UseBackgroundLevelStreaming:1]]
[2024.01.08-12.02.00:467][  0]LogConfig: Setting CVar [[s.PriorityAsyncLoadingExtraTime:15.0]]
[2024.01.08-12.02.00:467][  0]LogConfig: Setting CVar [[s.LevelStreamingActorsUpdateTimeLimit:5.0]]
[2024.01.08-12.02.00:467][  0]LogConfig: Setting CVar [[s.PriorityLevelStreamingActorsUpdateExtraTime:5.0]]
[2024.01.08-12.02.00:467][  0]LogConfig: Setting CVar [[s.LevelStreamingComponentsRegistrationGranularity:10]]
[2024.01.08-12.02.00:467][  0]LogConfig: Setting CVar [[s.UnregisterComponentsTimeLimit:1.0]]
[2024.01.08-12.02.00:467][  0]LogConfig: Setting CVar [[s.LevelStreamingComponentsUnregistrationGranularity:5]]
[2024.01.08-12.02.00:467][  0]LogConfig: Setting CVar [[s.FlushStreamingOnExit:1]]
[2024.01.08-12.02.00:467][  0]LogConfig: Applying CVar settings from Section [/Script/Engine.GarbageCollectionSettings] File [C:/Users/macie/OneDrive/Dokumenty/Unreal Projects/MyProject/Saved/Config/Windows/Engine.ini]
[2024.01.08-12.02.00:467][  0]LogConfig: Setting CVar [[gc.MaxObjectsNotConsideredByGC:1]]
[2024.01.08-12.02.00:467][  0]LogConfig: Setting CVar [[gc.SizeOfPermanentObjectPool:0]]
[2024.01.08-12.02.00:467][  0]LogConfig: Setting CVar [[gc.FlushStreamingOnGC:0]]
[2024.01.08-12.02.00:468][  0]LogConfig: Setting CVar [[gc.NumRetriesBeforeForcingGC:10]]
[2024.01.08-12.02.00:468][  0]LogConfig: Setting CVar [[gc.AllowParallelGC:1]]
[2024.01.08-12.02.00:468][  0]LogConfig: Setting CVar [[gc.TimeBetweenPurgingPendingKillObjects:61.1]]
[2024.01.08-12.02.00:468][  0]LogConfig: Setting CVar [[gc.MaxObjectsInEditor:25165824]]
[2024.01.08-12.02.00:468][  0]LogConfig: Setting CVar [[gc.IncrementalBeginDestroyEnabled:1]]
[2024.01.08-12.02.00:468][  0]LogConfig: Setting CVar [[gc.CreateGCClusters:1]]
[2024.01.08-12.02.00:468][  0]LogConfig: Setting CVar [[gc.MinGCClusterSize:5]]
[2024.01.08-12.02.00:468][  0]LogConfig: Setting CVar [[gc.ActorClusteringEnabled:0]]
[2024.01.08-12.02.00:468][  0]LogConfig: Setting CVar [[gc.BlueprintClusteringEnabled:0]]
[2024.01.08-12.02.00:468][  0]LogConfig: Setting CVar [[gc.UseDisregardForGCOnDedicatedServers:0]]
[2024.01.08-12.02.00:468][  0]LogConfig: Setting CVar [[gc.MultithreadedDestructionEnabled:1]]
[2024.01.08-12.02.00:468][  0]LogConfig: Applying CVar settings from Section [/Script/Engine.NetworkSettings] File [C:/Users/macie/OneDrive/Dokumenty/Unreal Projects/MyProject/Saved/Config/Windows/Engine.ini]
[2024.01.08-12.02.00:468][  0]LogConfig: Applying CVar settings from Section [/Script/UnrealEd.CookerSettings] File [C:/Users/macie/OneDrive/Dokumenty/Unreal Projects/MyProject/Saved/Config/Windows/Engine.ini]
[2024.01.08-12.02.00:493][  0]LogConfig: Applying CVar settings from Section [ViewDistanceQuality@3] File [C:/Users/macie/OneDrive/Dokumenty/Unreal Projects/MyProject/Saved/Config/Windows/Scalability.ini]
[2024.01.08-12.02.00:493][  0]LogConfig: Setting CVar [[r.SkeletalMeshLODBias:0]]
[2024.01.08-12.02.00:493][  0]LogConfig: Setting CVar [[r.ViewDistanceScale:1.0]]
[2024.01.08-12.02.00:493][  0]LogConfig: Applying CVar settings from Section [AntiAliasingQuality@3] File [C:/Users/macie/OneDrive/Dokumenty/Unreal Projects/MyProject/Saved/Config/Windows/Scalability.ini]
[2024.01.08-12.02.00:494][  0]LogConfig: Setting CVar [[r.PostProcessAAQuality:4]]
[2024.01.08-12.02.00:494][  0]LogConfig: Applying CVar settings from Section [ShadowQuality@3] File [C:/Users/macie/OneDrive/Dokumenty/Unreal Projects/MyProject/Saved/Config/Windows/Scalability.ini]
[2024.01.08-12.02.00:494][  0]LogConfig: Setting CVar [[r.LightFunctionQuality:1]]
[2024.01.08-12.02.00:494][  0]LogConfig: Setting CVar [[r.ShadowQuality:5]]
[2024.01.08-12.02.00:494][  0]LogConfig: Setting CVar [[r.Shadow.CSM.MaxCascades:10]]
[2024.01.08-12.02.00:494][  0]LogConfig: Setting CVar [[r.Shadow.MaxResolution:2048]]
[2024.01.08-12.02.00:494][  0]LogConfig: Setting CVar [[r.Shadow.MaxCSMResolution:2048]]
[2024.01.08-12.02.00:494][  0]LogConfig: Setting CVar [[r.Shadow.RadiusThreshold:0.01]]
[2024.01.08-12.02.00:494][  0]LogConfig: Setting CVar [[r.Shadow.DistanceScale:1.0]]
[2024.01.08-12.02.00:494][  0]LogConfig: Setting CVar [[r.Shadow.CSM.TransitionScale:1.0]]
[2024.01.08-12.02.00:494][  0]LogConfig: Setting CVar [[r.Shadow.PreShadowResolutionFactor:1.0]]
[2024.01.08-12.02.00:494][  0]LogConfig: Setting CVar [[r.DistanceFieldShadowing:1]]
[2024.01.08-12.02.00:494][  0]LogConfig: Setting CVar [[r.DistanceFieldAO:1]]
[2024.01.08-12.02.00:494][  0]LogConfig: Setting CVar [[r.AOQuality:2]]
[2024.01.08-12.02.00:494][  0]LogConfig: Setting CVar [[r.VolumetricFog:1]]
[2024.01.08-12.02.00:494][  0]LogConfig: Setting CVar [[r.VolumetricFog.GridPixelSize:8]]
[2024.01.08-12.02.00:494][  0]LogConfig: Setting CVar [[r.VolumetricFog.GridSizeZ:128]]
[2024.01.08-12.02.00:494][  0]LogConfig: Setting CVar [[r.VolumetricFog.HistoryMissSupersampleCount:4]]
[2024.01.08-12.02.00:494][  0]LogConfig: Setting CVar [[r.LightMaxDrawDistanceScale:1]]
[2024.01.08-12.02.00:494][  0]LogConfig: Setting CVar [[r.CapsuleShadows:1]]
[2024.01.08-12.02.00:494][  0]LogConfig: Applying CVar settings from Section [PostProcessQuality@3] File [C:/Users/macie/OneDrive/Dokumenty/Unreal Projects/MyProject/Saved/Config/Windows/Scalability.ini]
[2024.01.08-12.02.00:494][  0]LogConfig: Setting CVar [[r.MotionBlurQuality:4]]
[2024.01.08-12.02.00:494][  0]LogConfig: Setting CVar [[r.AmbientOcclusionMipLevelFactor:0.4]]
[2024.01.08-12.02.00:495][  0]LogConfig: Setting CVar [[r.AmbientOcclusionMaxQuality:100]]
[2024.01.08-12.02.00:495][  0]LogConfig: Setting CVar [[r.AmbientOcclusionLevels:-1]]
[2024.01.08-12.02.00:495][  0]LogConfig: Setting CVar [[r.AmbientOcclusionRadiusScale:1.0]]
[2024.01.08-12.02.00:495][  0]LogConfig: Setting CVar [[r.DepthOfFieldQuality:2]]
[2024.01.08-12.02.00:495][  0]LogConfig: Setting CVar [[r.RenderTargetPoolMin:400]]
[2024.01.08-12.02.00:495][  0]LogConfig: Setting CVar [[r.LensFlareQuality:2]]
[2024.01.08-12.02.00:495][  0]LogConfig: Setting CVar [[r.SceneColorFringeQuality:1]]
[2024.01.08-12.02.00:495][  0]LogConfig: Setting CVar [[r.EyeAdaptationQuality:2]]
[2024.01.08-12.02.00:495][  0]LogConfig: Setting CVar [[r.BloomQuality:5]]
[2024.01.08-12.02.00:495][  0]LogConfig: Setting CVar [[r.FastBlurThreshold:100]]
[2024.01.08-12.02.00:496][  0]LogConfig: Setting CVar [[r.Upscale.Quality:3]]
[2024.01.08-12.02.00:496][  0]LogConfig: Setting CVar [[r.Tonemapper.GrainQuantization:1]]
[2024.01.08-12.02.00:496][  0]LogConfig: Setting CVar [[r.LightShaftQuality:1]]
[2024.01.08-12.02.00:496][  0]LogConfig: Setting CVar [[r.Filter.SizeScale:1]]
[2024.01.08-12.02.00:496][  0]LogConfig: Setting CVar [[r.Tonemapper.Quality:5]]
[2024.01.08-12.02.00:496][  0]LogConfig: Setting CVar [[r.DOF.Gather.AccumulatorQuality:1        ; higher gathering accumulator quality]]
[2024.01.08-12.02.00:496][  0]LogConfig: Setting CVar [[r.DOF.Gather.PostfilterMethod:1          ; Median3x3 postfilering method]]
[2024.01.08-12.02.00:496][  0]LogConfig: Setting CVar [[r.DOF.Gather.EnableBokehSettings:0       ; no bokeh simulation when gathering]]
[2024.01.08-12.02.00:496][  0]LogConfig: Setting CVar [[r.DOF.Gather.RingCount:4                 ; medium number of samples when gathering]]
[2024.01.08-12.02.00:496][  0]LogConfig: Setting CVar [[r.DOF.Scatter.ForegroundCompositing:1    ; additive foreground scattering]]
[2024.01.08-12.02.00:496][  0]LogConfig: Setting CVar [[r.DOF.Scatter.BackgroundCompositing:2    ; additive background scattering]]
[2024.01.08-12.02.00:496][  0]LogConfig: Setting CVar [[r.DOF.Scatter.EnableBokehSettings:1      ; bokeh simulation when scattering]]
[2024.01.08-12.02.00:496][  0]LogConfig: Setting CVar [[r.DOF.Scatter.MaxSpriteRatio:0.1         ; only a maximum of 10% of scattered bokeh]]
[2024.01.08-12.02.00:496][  0]LogConfig: Setting CVar [[r.DOF.Recombine.Quality:1                ; cheap slight out of focus]]
[2024.01.08-12.02.00:496][  0]LogConfig: Setting CVar [[r.DOF.Recombine.EnableBokehSettings:0    ; no bokeh simulation on slight out of focus]]
[2024.01.08-12.02.00:496][  0]LogConfig: Setting CVar [[r.DOF.TemporalAAQuality:1                ; more stable temporal accumulation]]
[2024.01.08-12.02.00:496][  0]LogConfig: Setting CVar [[r.DOF.Kernel.MaxForegroundRadius:0.025]]
[2024.01.08-12.02.00:496][  0]LogConfig: Setting CVar [[r.DOF.Kernel.MaxBackgroundRadius:0.025]]
[2024.01.08-12.02.00:496][  0]LogConfig: Applying CVar settings from Section [TextureQuality@3] File [C:/Users/macie/OneDrive/Dokumenty/Unreal Projects/MyProject/Saved/Config/Windows/Scalability.ini]
[2024.01.08-12.02.00:496][  0]LogConfig: Setting CVar [[r.Streaming.MipBias:0]]
[2024.01.08-12.02.00:496][  0]LogConfig: Setting CVar [[r.Streaming.AmortizeCPUToGPUCopy:0]]
[2024.01.08-12.02.00:496][  0]LogConfig: Setting CVar [[r.Streaming.MaxNumTexturesToStreamPerFrame:0]]
[2024.01.08-12.02.00:496][  0]LogConfig: Setting CVar [[r.Streaming.Boost:1]]
[2024.01.08-12.02.00:496][  0]LogConfig: Setting CVar [[r.MaxAnisotropy:8]]
[2024.01.08-12.02.00:496][  0]LogConfig: Setting CVar [[r.VT.MaxAnisotropy:8]]
[2024.01.08-12.02.00:496][  0]LogConfig: Setting CVar [[r.Streaming.LimitPoolSizeToVRAM:0]]
[2024.01.08-12.02.00:496][  0]LogConfig: Setting CVar [[r.Streaming.PoolSize:1000]]
[2024.01.08-12.02.00:496][  0]LogConfig: Setting CVar [[r.Streaming.MaxEffectiveScreenSize:0]]
[2024.01.08-12.02.00:496][  0]LogConfig: Applying CVar settings from Section [EffectsQuality@3] File [C:/Users/macie/OneDrive/Dokumenty/Unreal Projects/MyProject/Saved/Config/Windows/Scalability.ini]
[2024.01.08-12.02.00:496][  0]LogConfig: Setting CVar [[r.TranslucencyLightingVolumeDim:64]]
[2024.01.08-12.02.00:496][  0]LogConfig: Setting CVar [[r.RefractionQuality:2]]
[2024.01.08-12.02.00:497][  0]LogConfig: Setting CVar [[r.SSR.Quality:3]]
[2024.01.08-12.02.00:497][  0]LogConfig: Setting CVar [[r.SSR.HalfResSceneColor:0]]
[2024.01.08-12.02.00:497][  0]LogConfig: Setting CVar [[r.SceneColorFormat:4]]
[2024.01.08-12.02.00:497][  0]LogConfig: Setting CVar [[r.DetailMode:2]]
[2024.01.08-12.02.00:497][  0]LogConfig: Setting CVar [[r.TranslucencyVolumeBlur:1]]
[2024.01.08-12.02.00:497][  0]LogConfig: Setting CVar [[r.MaterialQualityLevel:1 ; High quality]]
[2024.01.08-12.02.00:497][  0]LogConfig: Setting CVar [[r.AnisotropicMaterials:1]]
[2024.01.08-12.02.00:497][  0]LogConfig: Setting CVar [[r.SSS.Scale:1]]
[2024.01.08-12.02.00:497][  0]LogConfig: Setting CVar [[r.SSS.SampleSet:2]]
[2024.01.08-12.02.00:497][  0]LogConfig: Setting CVar [[r.SSS.Quality:1]]
[2024.01.08-12.02.00:497][  0]LogConfig: Setting CVar [[r.SSS.HalfRes:0]]
[2024.01.08-12.02.00:497][  0]LogConfig: Setting CVar [[r.SSGI.Quality:3]]
[2024.01.08-12.02.00:498][  0]LogConfig: Setting CVar [[r.EmitterSpawnRateScale:1.0]]
[2024.01.08-12.02.00:498][  0]LogConfig: Setting CVar [[r.ParticleLightQuality:2]]
[2024.01.08-12.02.00:498][  0]LogConfig: Setting CVar [[r.SkyAtmosphere.AerialPerspectiveLUT.FastApplyOnOpaque:1 ; Always have FastSkyLUT 1 in this case to avoid wrong sky]]
[2024.01.08-12.02.00:498][  0]LogConfig: Setting CVar [[r.SkyAtmosphere.AerialPerspectiveLUT.SampleCountMaxPerSlice:4]]
[2024.01.08-12.02.00:498][  0]LogConfig: Setting CVar [[r.SkyAtmosphere.AerialPerspectiveLUT.DepthResolution:16.0]]
[2024.01.08-12.02.00:498][  0]LogConfig: Setting CVar [[r.SkyAtmosphere.FastSkyLUT:1]]
[2024.01.08-12.02.00:498][  0]LogConfig: Setting CVar [[r.SkyAtmosphere.FastSkyLUT.SampleCountMin:4.0]]
[2024.01.08-12.02.00:498][  0]LogConfig: Setting CVar [[r.SkyAtmosphere.FastSkyLUT.SampleCountMax:128.0]]
[2024.01.08-12.02.00:498][  0]LogConfig: Setting CVar [[r.SkyAtmosphere.SampleCountMin:4.0]]
[2024.01.08-12.02.00:498][  0]LogConfig: Setting CVar [[r.SkyAtmosphere.SampleCountMax:128.0]]
[2024.01.08-12.02.00:498][  0]LogConfig: Setting CVar [[r.SkyAtmosphere.TransmittanceLUT.UseSmallFormat:0]]
[2024.01.08-12.02.00:498][  0]LogConfig: Setting CVar [[r.SkyAtmosphere.TransmittanceLUT.SampleCount:10.0]]
[2024.01.08-12.02.00:498][  0]LogConfig: Setting CVar [[r.SkyAtmosphere.MultiScatteringLUT.SampleCount:15.0]]
[2024.01.08-12.02.00:498][  0]LogConfig: Setting CVar [[r.SkyLight.RealTimeReflectionCapture:1]]
[2024.01.08-12.02.00:498][  0]LogConfig: Applying CVar settings from Section [FoliageQuality@3] File [C:/Users/macie/OneDrive/Dokumenty/Unreal Projects/MyProject/Saved/Config/Windows/Scalability.ini]
[2024.01.08-12.02.00:498][  0]LogConfig: Setting CVar [[foliage.DensityScale:1.0]]
[2024.01.08-12.02.00:498][  0]LogConfig: Setting CVar [[grass.DensityScale:1.0]]
[2024.01.08-12.02.00:498][  0]LogConfig: Applying CVar settings from Section [ShadingQuality@3] File [C:/Users/macie/OneDrive/Dokumenty/Unreal Projects/MyProject/Saved/Config/Windows/Scalability.ini]
[2024.01.08-12.02.00:498][  0]LogConfig: Setting CVar [[r.HairStrands.SkyLighting.IntegrationType:2]]
[2024.01.08-12.02.00:498][  0]LogConfig: Setting CVar [[r.HairStrands.SkyAO.SampleCount:4]]
[2024.01.08-12.02.00:498][  0]LogConfig: Setting CVar [[r.HairStrands.Visibility.MSAA.SamplePerPixel:4]]
[2024.01.08-12.02.00:499][  0]LogInit: Selected Device Profile: [Windows]
[2024.01.08-12.02.00:499][  0]LogInit: Applying CVar settings loaded from the selected device profile: [Windows]
[2024.01.08-12.02.00:499][  0]LogHAL: Display: Platform has ~ 6 GB [6378008576 / 8589934592 / 6], which maps to Smaller [LargestMinGB=32, LargerMinGB=12, DefaultMinGB=8, SmallerMinGB=6, SmallestMinGB=0)
[2024.01.08-12.02.00:500][  0]LogInit: Going up to parent DeviceProfile []
[2024.01.08-12.02.00:500][  0]LogConfig: Applying CVar settings from Section [ViewDistanceQuality@3] File [C:/Users/macie/OneDrive/Dokumenty/Unreal Projects/MyProject/Saved/Config/Windows/Scalability.ini]
[2024.01.08-12.02.00:500][  0]LogConfig: Setting CVar [[r.SkeletalMeshLODBias:0]]
[2024.01.08-12.02.00:500][  0]LogConfig: Setting CVar [[r.ViewDistanceScale:1.0]]
[2024.01.08-12.02.00:500][  0]LogConfig: Applying CVar settings from Section [AntiAliasingQuality@3] File [C:/Users/macie/OneDrive/Dokumenty/Unreal Projects/MyProject/Saved/Config/Windows/Scalability.ini]
[2024.01.08-12.02.00:500][  0]LogConfig: Setting CVar [[r.PostProcessAAQuality:4]]
[2024.01.08-12.02.00:500][  0]LogConfig: Applying CVar settings from Section [ShadowQuality@3] File [C:/Users/macie/OneDrive/Dokumenty/Unreal Projects/MyProject/Saved/Config/Windows/Scalability.ini]
[2024.01.08-12.02.00:500][  0]LogConfig: Setting CVar [[r.LightFunctionQuality:1]]
[2024.01.08-12.02.00:500][  0]LogConfig: Setting CVar [[r.ShadowQuality:5]]
[2024.01.08-12.02.00:500][  0]LogConfig: Setting CVar [[r.Shadow.CSM.MaxCascades:10]]
[2024.01.08-12.02.00:500][  0]LogConfig: Setting CVar [[r.Shadow.MaxResolution:2048]]
[2024.01.08-12.02.00:500][  0]LogConfig: Setting CVar [[r.Shadow.MaxCSMResolution:2048]]
[2024.01.08-12.02.00:500][  0]LogConfig: Setting CVar [[r.Shadow.RadiusThreshold:0.01]]
[2024.01.08-12.02.00:500][  0]LogConfig: Setting CVar [[r.Shadow.DistanceScale:1.0]]
[2024.01.08-12.02.00:500][  0]LogConfig: Setting CVar [[r.Shadow.CSM.TransitionScale:1.0]]
[2024.01.08-12.02.00:500][  0]LogConfig: Setting CVar [[r.Shadow.PreShadowResolutionFactor:1.0]]
[2024.01.08-12.02.00:500][  0]LogConfig: Setting CVar [[r.DistanceFieldShadowing:1]]
[2024.01.08-12.02.00:500][  0]LogConfig: Setting CVar [[r.DistanceFieldAO:1]]
[2024.01.08-12.02.00:500][  0]LogConfig: Setting CVar [[r.AOQuality:2]]
[2024.01.08-12.02.00:500][  0]LogConfig: Setting CVar [[r.VolumetricFog:1]]
[2024.01.08-12.02.00:500][  0]LogConfig: Setting CVar [[r.VolumetricFog.GridPixelSize:8]]
[2024.01.08-12.02.00:500][  0]LogConfig: Setting CVar [[r.VolumetricFog.GridSizeZ:128]]
[2024.01.08-12.02.00:501][  0]LogConfig: Setting CVar [[r.VolumetricFog.HistoryMissSupersampleCount:4]]
[2024.01.08-12.02.00:501][  0]LogConfig: Setting CVar [[r.LightMaxDrawDistanceScale:1]]
[2024.01.08-12.02.00:501][  0]LogConfig: Setting CVar [[r.CapsuleShadows:1]]
[2024.01.08-12.02.00:501][  0]LogConfig: Applying CVar settings from Section [PostProcessQuality@3] File [C:/Users/macie/OneDrive/Dokumenty/Unreal Projects/MyProject/Saved/Config/Windows/Scalability.ini]
[2024.01.08-12.02.00:501][  0]LogConfig: Setting CVar [[r.MotionBlurQuality:4]]
[2024.01.08-12.02.00:501][  0]LogConfig: Setting CVar [[r.AmbientOcclusionMipLevelFactor:0.4]]
[2024.01.08-12.02.00:501][  0]LogConfig: Setting CVar [[r.AmbientOcclusionMaxQuality:100]]
[2024.01.08-12.02.00:501][  0]LogConfig: Setting CVar [[r.AmbientOcclusionLevels:-1]]
[2024.01.08-12.02.00:501][  0]LogConfig: Setting CVar [[r.AmbientOcclusionRadiusScale:1.0]]
[2024.01.08-12.02.00:501][  0]LogConfig: Setting CVar [[r.DepthOfFieldQuality:2]]
[2024.01.08-12.02.00:501][  0]LogConfig: Setting CVar [[r.RenderTargetPoolMin:400]]
[2024.01.08-12.02.00:502][  0]LogConfig: Setting CVar [[r.LensFlareQuality:2]]
[2024.01.08-12.02.00:502][  0]LogConfig: Setting CVar [[r.SceneColorFringeQuality:1]]
[2024.01.08-12.02.00:502][  0]LogConfig: Setting CVar [[r.EyeAdaptationQuality:2]]
[2024.01.08-12.02.00:502][  0]LogConfig: Setting CVar [[r.BloomQuality:5]]
[2024.01.08-12.02.00:502][  0]LogConfig: Setting CVar [[r.FastBlurThreshold:100]]
[2024.01.08-12.02.00:502][  0]LogConfig: Setting CVar [[r.Upscale.Quality:3]]
[2024.01.08-12.02.00:502][  0]LogConfig: Setting CVar [[r.Tonemapper.GrainQuantization:1]]
[2024.01.08-12.02.00:502][  0]LogConfig: Setting CVar [[r.LightShaftQuality:1]]
[2024.01.08-12.02.00:502][  0]LogConfig: Setting CVar [[r.Filter.SizeScale:1]]
[2024.01.08-12.02.00:502][  0]LogConfig: Setting CVar [[r.Tonemapper.Quality:5]]
[2024.01.08-12.02.00:502][  0]LogConfig: Setting CVar [[r.DOF.Gather.AccumulatorQuality:1        ; higher gathering accumulator quality]]
[2024.01.08-12.02.00:502][  0]LogConfig: Setting CVar [[r.DOF.Gather.PostfilterMethod:1          ; Median3x3 postfilering method]]
[2024.01.08-12.02.00:502][  0]LogConfig: Setting CVar [[r.DOF.Gather.EnableBokehSettings:0       ; no bokeh simulation when gathering]]
[2024.01.08-12.02.00:502][  0]LogConfig: Setting CVar [[r.DOF.Gather.RingCount:4                 ; medium number of samples when gathering]]
[2024.01.08-12.02.00:502][  0]LogConfig: Setting CVar [[r.DOF.Scatter.ForegroundCompositing:1    ; additive foreground scattering]]
[2024.01.08-12.02.00:502][  0]LogConfig: Setting CVar [[r.DOF.Scatter.BackgroundCompositing:2    ; additive background scattering]]
[2024.01.08-12.02.00:502][  0]LogConfig: Setting CVar [[r.DOF.Scatter.EnableBokehSettings:1      ; bokeh simulation when scattering]]
[2024.01.08-12.02.00:502][  0]LogConfig: Setting CVar [[r.DOF.Scatter.MaxSpriteRatio:0.1         ; only a maximum of 10% of scattered bokeh]]
[2024.01.08-12.02.00:502][  0]LogConfig: Setting CVar [[r.DOF.Recombine.Quality:1                ; cheap slight out of focus]]
[2024.01.08-12.02.00:502][  0]LogConfig: Setting CVar [[r.DOF.Recombine.EnableBokehSettings:0    ; no bokeh simulation on slight out of focus]]
[2024.01.08-12.02.00:502][  0]LogConfig: Setting CVar [[r.DOF.TemporalAAQuality:1                ; more stable temporal accumulation]]
[2024.01.08-12.02.00:502][  0]LogConfig: Setting CVar [[r.DOF.Kernel.MaxForegroundRadius:0.025]]
[2024.01.08-12.02.00:502][  0]LogConfig: Setting CVar [[r.DOF.Kernel.MaxBackgroundRadius:0.025]]
[2024.01.08-12.02.00:502][  0]LogConfig: Applying CVar settings from Section [TextureQuality@3] File [C:/Users/macie/OneDrive/Dokumenty/Unreal Projects/MyProject/Saved/Config/Windows/Scalability.ini]
[2024.01.08-12.02.00:502][  0]LogConfig: Setting CVar [[r.Streaming.MipBias:0]]
[2024.01.08-12.02.00:503][  0]LogConfig: Setting CVar [[r.Streaming.AmortizeCPUToGPUCopy:0]]
[2024.01.08-12.02.00:503][  0]LogConfig: Setting CVar [[r.Streaming.MaxNumTexturesToStreamPerFrame:0]]
[2024.01.08-12.02.00:503][  0]LogConfig: Setting CVar [[r.Streaming.Boost:1]]
[2024.01.08-12.02.00:503][  0]LogConfig: Setting CVar [[r.MaxAnisotropy:8]]
[2024.01.08-12.02.00:503][  0]LogConfig: Setting CVar [[r.VT.MaxAnisotropy:8]]
[2024.01.08-12.02.00:503][  0]LogConfig: Setting CVar [[r.Streaming.LimitPoolSizeToVRAM:0]]
[2024.01.08-12.02.00:503][  0]LogConfig: Setting CVar [[r.Streaming.PoolSize:1000]]
[2024.01.08-12.02.00:503][  0]LogConfig: Setting CVar [[r.Streaming.MaxEffectiveScreenSize:0]]
[2024.01.08-12.02.00:503][  0]LogConfig: Applying CVar settings from Section [EffectsQuality@3] File [C:/Users/macie/OneDrive/Dokumenty/Unreal Projects/MyProject/Saved/Config/Windows/Scalability.ini]
[2024.01.08-12.02.00:504][  0]LogConfig: Setting CVar [[r.TranslucencyLightingVolumeDim:64]]
[2024.01.08-12.02.00:504][  0]LogConfig: Setting CVar [[r.RefractionQuality:2]]
[2024.01.08-12.02.00:504][  0]LogConfig: Setting CVar [[r.SSR.Quality:3]]
[2024.01.08-12.02.00:504][  0]LogConfig: Setting CVar [[r.SSR.HalfResSceneColor:0]]
[2024.01.08-12.02.00:504][  0]LogConfig: Setting CVar [[r.SceneColorFormat:4]]
[2024.01.08-12.02.00:504][  0]LogConfig: Setting CVar [[r.DetailMode:2]]
[2024.01.08-12.02.00:504][  0]LogConfig: Setting CVar [[r.TranslucencyVolumeBlur:1]]
[2024.01.08-12.02.00:504][  0]LogConfig: Setting CVar [[r.MaterialQualityLevel:1 ; High quality]]
[2024.01.08-12.02.00:504][  0]LogConfig: Setting CVar [[r.AnisotropicMaterials:1]]
[2024.01.08-12.02.00:504][  0]LogConfig: Setting CVar [[r.SSS.Scale:1]]
[2024.01.08-12.02.00:504][  0]LogConfig: Setting CVar [[r.SSS.SampleSet:2]]
[2024.01.08-12.02.00:504][  0]LogConfig: Setting CVar [[r.SSS.Quality:1]]
[2024.01.08-12.02.00:504][  0]LogConfig: Setting CVar [[r.SSS.HalfRes:0]]
[2024.01.08-12.02.00:504][  0]LogConfig: Setting CVar [[r.SSGI.Quality:3]]
[2024.01.08-12.02.00:504][  0]LogConfig: Setting CVar [[r.EmitterSpawnRateScale:1.0]]
[2024.01.08-12.02.00:504][  0]LogConfig: Setting CVar [[r.ParticleLightQuality:2]]
[2024.01.08-12.02.00:504][  0]LogConfig: Setting CVar [[r.SkyAtmosphere.AerialPerspectiveLUT.FastApplyOnOpaque:1 ; Always have FastSkyLUT 1 in this case to avoid wrong sky]]
[2024.01.08-12.02.00:504][  0]LogConfig: Setting CVar [[r.SkyAtmosphere.AerialPerspectiveLUT.SampleCountMaxPerSlice:4]]
[2024.01.08-12.02.00:504][  0]LogConfig: Setting CVar [[r.SkyAtmosphere.AerialPerspectiveLUT.DepthResolution:16.0]]
[2024.01.08-12.02.00:504][  0]LogConfig: Setting CVar [[r.SkyAtmosphere.FastSkyLUT:1]]
[2024.01.08-12.02.00:504][  0]LogConfig: Setting CVar [[r.SkyAtmosphere.FastSkyLUT.SampleCountMin:4.0]]
[2024.01.08-12.02.00:504][  0]LogConfig: Setting CVar [[r.SkyAtmosphere.FastSkyLUT.SampleCountMax:128.0]]
[2024.01.08-12.02.00:504][  0]LogConfig: Setting CVar [[r.SkyAtmosphere.SampleCountMin:4.0]]
[2024.01.08-12.02.00:504][  0]LogConfig: Setting CVar [[r.SkyAtmosphere.SampleCountMax:128.0]]
[2024.01.08-12.02.00:504][  0]LogConfig: Setting CVar [[r.SkyAtmosphere.TransmittanceLUT.UseSmallFormat:0]]
[2024.01.08-12.02.00:504][  0]LogConfig: Setting CVar [[r.SkyAtmosphere.TransmittanceLUT.SampleCount:10.0]]
[2024.01.08-12.02.00:504][  0]LogConfig: Setting CVar [[r.SkyAtmosphere.MultiScatteringLUT.SampleCount:15.0]]
[2024.01.08-12.02.00:504][  0]LogConfig: Setting CVar [[r.SkyLight.RealTimeReflectionCapture:1]]
[2024.01.08-12.02.00:505][  0]LogConfig: Applying CVar settings from Section [FoliageQuality@3] File [C:/Users/macie/OneDrive/Dokumenty/Unreal Projects/MyProject/Saved/Config/Windows/Scalability.ini]
[2024.01.08-12.02.00:505][  0]LogConfig: Setting CVar [[foliage.DensityScale:1.0]]
[2024.01.08-12.02.00:505][  0]LogConfig: Setting CVar [[grass.DensityScale:1.0]]
[2024.01.08-12.02.00:505][  0]LogConfig: Applying CVar settings from Section [ShadingQuality@3] File [C:/Users/macie/OneDrive/Dokumenty/Unreal Projects/MyProject/Saved/Config/Windows/Scalability.ini]
[2024.01.08-12.02.00:505][  0]LogConfig: Setting CVar [[r.HairStrands.SkyLighting.IntegrationType:2]]
[2024.01.08-12.02.00:505][  0]LogConfig: Setting CVar [[r.HairStrands.SkyAO.SampleCount:4]]
[2024.01.08-12.02.00:505][  0]LogConfig: Setting CVar [[r.HairStrands.Visibility.MSAA.SamplePerPixel:4]]
[2024.01.08-12.02.00:505][  0]LogConfig: Applying CVar settings from Section [Startup] File [../../../Engine/Config/ConsoleVariables.ini]
[2024.01.08-12.02.00:506][  0]LogConfig: Setting CVar [[net.UseAdaptiveNetUpdateFrequency:0]]
[2024.01.08-12.02.00:507][  0]LogConfig: Setting CVar [[p.chaos.AllowCreatePhysxBodies:1]]
[2024.01.08-12.02.00:507][  0]LogConfig: Setting CVar [[fx.SkipVectorVMBackendOptimizations:1]]
[2024.01.08-12.02.00:507][  0]LogConfig: Applying CVar settings from Section [ConsoleVariables] File [C:/Users/macie/OneDrive/Dokumenty/Unreal Projects/MyProject/Saved/Config/Windows/Engine.ini]
[2024.01.08-12.02.00:507][  0]LogConfig: Applying CVar settings from Section [ConsoleVariables] File [C:/Users/macie/OneDrive/Dokumenty/Unreal Projects/MyProject/Saved/Config/Windows/Editor.ini]
[2024.01.08-12.02.00:507][  0]LogInit: Computer: DESKTOP-DMJ13TM
[2024.01.08-12.02.00:507][  0]LogInit: User: macie
[2024.01.08-12.02.00:507][  0]LogInit: CPU Page size=4096, Cores=4
[2024.01.08-12.02.00:507][  0]LogInit: High frequency timer resolution =10.000000 MHz
[2024.01.08-12.02.00:508][  0]LogMemory: Memory total: Physical=5.9GB (6GB approx)
[2024.01.08-12.02.00:508][  0]LogMemory: Platform Memory Stats for Windows
[2024.01.08-12.02.00:509][  0]LogMemory: Process Physical Memory: 141.91 MB used, 141.91 MB peak
[2024.01.08-12.02.00:509][  0]LogMemory: Process Virtual Memory: 126.56 MB used, 126.56 MB peak
[2024.01.08-12.02.00:509][  0]LogMemory: Physical Memory: 4954.95 MB used,  1127.60 MB free, 6082.54 MB total
[2024.01.08-12.02.00:509][  0]LogMemory: Virtual Memory: 134215056.00 MB used,  2668.41 MB free, 134217728.00 MB total
[2024.01.08-12.02.00:536][  0]LogWindows: WindowsPlatformFeatures enabled
[2024.01.08-12.02.00:645][  0]LogInit: Physics initialised using underlying interface: PhysX
[2024.01.08-12.02.00:649][  0]LogInit: Using OS detected language (pl-PL).
[2024.01.08-12.02.00:649][  0]LogInit: Using OS detected locale (pl-PL).
[2024.01.08-12.02.00:663][  0]LogTextLocalizationManager: No specific localization for 'pl-PL' exists, so the 'pl' localization will be used.
[2024.01.08-12.02.00:664][  0]LogTextLocalizationResource: LocRes '../../../Engine/Content/Localization/Editor/pl/Editor.locres' could not be opened for reading!
[2024.01.08-12.02.00:664][  0]LogTextLocalizationResource: LocRes '../../../Engine/Content/Localization/EditorTutorials/pl/EditorTutorials.locres' could not be opened for reading!
[2024.01.08-12.02.00:665][  0]LogTextLocalizationResource: LocRes '../../../Engine/Content/Localization/Keywords/pl/Keywords.locres' could not be opened for reading!
[2024.01.08-12.02.00:666][  0]LogTextLocalizationResource: LocRes '../../../Engine/Content/Localization/Category/pl/Category.locres' could not be opened for reading!
[2024.01.08-12.02.00:666][  0]LogTextLocalizationResource: LocRes '../../../Engine/Content/Localization/ToolTips/pl/ToolTips.locres' could not be opened for reading!
[2024.01.08-12.02.00:666][  0]LogTextLocalizationResource: LocRes '../../../Engine/Content/Localization/PropertyNames/pl/PropertyNames.locres' could not be opened for reading!
[2024.01.08-12.02.00:666][  0]LogTextLocalizationResource: LocRes '../../../Engine/Content/Localization/Engine/pl/Engine.locres' could not be opened for reading!
[2024.01.08-12.02.00:670][  0]LogInit: Setting process to per monitor DPI aware
[2024.01.08-12.02.00:715][  0]LogWindowsTextInputMethodSystem: Display: IME system deactivated.
[2024.01.08-12.02.00:763][  0]LogSlate: New Slate User Created.  User Index 0, Is Virtual User: 0
[2024.01.08-12.02.00:763][  0]LogSlate: Slate User Registered.  User Index 0, Is Virtual User: 0
[2024.01.08-12.02.01:581][  0]LogD3D11RHI: Loaded GFSDK_Aftermath_Lib.x64.dll
[2024.01.08-12.02.01:602][  0]LogHMD: Failed to initialize OpenVR with code 110
[2024.01.08-12.02.01:602][  0]LogD3D11RHI: D3D11 min allowed feature level: 11_0
[2024.01.08-12.02.01:602][  0]LogD3D11RHI: D3D11 max allowed feature level: 11_0
[2024.01.08-12.02.01:602][  0]LogD3D11RHI: D3D11 adapters:
[2024.01.08-12.02.01:857][  0]LogD3D11RHI:    0. 'AMD Radeon(TM) RX Vega 10 Graphics' (Feature Level 11_0)
[2024.01.08-12.02.01:857][  0]LogD3D11RHI:       2033/0/3041 MB DedicatedVideo/DedicatedSystem/SharedSystem, Outputs:1, VendorId:0x1002
[2024.01.08-12.02.01:865][  0]LogD3D11RHI:    1. 'Microsoft Basic Render Driver' (Feature Level 11_0)
[2024.01.08-12.02.01:865][  0]LogD3D11RHI:       0/0/3041 MB DedicatedVideo/DedicatedSystem/SharedSystem, Outputs:0, VendorId:0x1414
[2024.01.08-12.02.01:865][  0]LogD3D11RHI: Chosen D3D11 Adapter:
[2024.01.08-12.02.01:865][  0]LogD3D11RHI:     Description : AMD Radeon(TM) RX Vega 10 Graphics
[2024.01.08-12.02.01:865][  0]LogD3D11RHI:     VendorId    : 1002
[2024.01.08-12.02.01:865][  0]LogD3D11RHI:     DeviceId    : 15d8
[2024.01.08-12.02.01:865][  0]LogD3D11RHI:     SubSysId    : 380117aa
[2024.01.08-12.02.01:865][  0]LogD3D11RHI:     Revision    : 00c1
[2024.01.08-12.02.01:865][  0]LogD3D11RHI:     DedicatedVideoMemory : 2132373504 bytes
[2024.01.08-12.02.01:865][  0]LogD3D11RHI:     DedicatedSystemMemory : 0 bytes
[2024.01.08-12.02.01:865][  0]LogD3D11RHI:     SharedSystemMemory : 3189004288 bytes
[2024.01.08-12.02.01:865][  0]LogD3D11RHI:     AdapterLuid : 0 41869
[2024.01.08-12.02.01:892][  0]LogD3D11RHI: Creating new Direct3DDevice
[2024.01.08-12.02.01:892][  0]LogD3D11RHI:     GPU DeviceId: 0x15d8 (for the marketing name, search the web for "GPU Device Id")
[2024.01.08-12.02.01:892][  0]LogWindows: EnumDisplayDevices:
[2024.01.08-12.02.01:894][  0]LogWindows:    0. 'AMD Radeon(TM) RX Vega 10 Graphics ' (P:1 D:1)
[2024.01.08-12.02.01:896][  0]LogWindows:    1. 'AMD Radeon(TM) RX Vega 10 Graphics ' (P:0 D:0)
[2024.01.08-12.02.01:898][  0]LogWindows:    2. 'AMD Radeon(TM) RX Vega 10 Graphics ' (P:0 D:0)
[2024.01.08-12.02.01:900][  0]LogWindows: DebugString: PrimaryIsNotTheChoosenAdapter PrimaryIsNotTheChoosenAdapter PrimaryIsNotTheChoosenAdapter FoundDriverCount:0 
[2024.01.08-12.02.01:900][  0]LogD3D11RHI:     Adapter Name: AMD Radeon(TM) RX Vega 10 Graphics
[2024.01.08-12.02.01:900][  0]LogD3D11RHI:   Driver Version: Unknown (internal:Unknown, unified:Unknown)
[2024.01.08-12.02.01:900][  0]LogD3D11RHI:      Driver Date: Unknown
[2024.01.08-12.02.01:901][  0]LogRHI: Texture pool is 3197 MB (70% of 4567 MB)
[2024.01.08-12.02.01:998][  0]LogD3D11RHI: Creating D3DDevice with AMD AGS, using adapter:
[2024.01.08-12.02.01:998][  0]LogD3D11RHI:     Description : AMD Radeon(TM) RX Vega 10 Graphics
[2024.01.08-12.02.01:998][  0]LogD3D11RHI:     VendorId    : 1002
[2024.01.08-12.02.01:998][  0]LogD3D11RHI:     DeviceId    : 15d8
[2024.01.08-12.02.01:998][  0]LogD3D11RHI:     SubSysId    : 380117aa
[2024.01.08-12.02.01:998][  0]LogD3D11RHI:     Revision    : 00c1
[2024.01.08-12.02.01:998][  0]LogD3D11RHI:     DedicatedVideoMemory : 2132373504 bytes
[2024.01.08-12.02.01:998][  0]LogD3D11RHI:     DedicatedSystemMemory : 0 bytes
[2024.01.08-12.02.01:999][  0]LogD3D11RHI:     SharedSystemMemory : 3189004288 bytes
[2024.01.08-12.02.01:999][  0]LogD3D11RHI:     AdapterLuid : 0 41869
[2024.01.08-12.02.02:171][  0]LogD3D11RHI: Created device via AGS, feature level 11_0, supported extensions 1fffffbf.
[2024.01.08-12.02.02:171][  0]LogD3D11RHI: RHI has support for 64 bit atomics
[2024.01.08-12.02.02:171][  0]LogD3D11RHI: Async texture creation enabled
[2024.01.08-12.02.02:171][  0]LogD3D11RHI: Array index from any shader is supported
[2024.01.08-12.02.02:209][  0]LogD3D11RHI: GPU Timing Frequency: 25.000000 (Debug: 2 1)
[2024.01.08-12.02.03:604][  0]LogTargetPlatformManager: Display: Loaded TargetPlatform 'AllDesktop'
[2024.01.08-12.02.03:692][  0]LogTargetPlatformManager: Display: Loaded TargetPlatform 'Android'
[2024.01.08-12.02.03:692][  0]LogTargetPlatformManager: Display: Loaded TargetPlatform 'Android_ASTC'
[2024.01.08-12.02.03:692][  0]LogTargetPlatformManager: Display: Loaded TargetPlatform 'Android_DXT'
[2024.01.08-12.02.03:692][  0]LogTargetPlatformManager: Display: Loaded TargetPlatform 'Android_ETC2'
[2024.01.08-12.02.03:692][  0]LogTargetPlatformManager: Display: Loaded TargetPlatform 'AndroidClient'
[2024.01.08-12.02.03:692][  0]LogTargetPlatformManager: Display: Loaded TargetPlatform 'Android_ASTCClient'
[2024.01.08-12.02.03:692][  0]LogTargetPlatformManager: Display: Loaded TargetPlatform 'Android_DXTClient'
[2024.01.08-12.02.03:692][  0]LogTargetPlatformManager: Display: Loaded TargetPlatform 'Android_ETC2Client'
[2024.01.08-12.02.03:692][  0]LogTargetPlatformManager: Display: Loaded TargetPlatform 'Android_Multi'
[2024.01.08-12.02.03:692][  0]LogTargetPlatformManager: Display: Loaded TargetPlatform 'Android_MultiClient'
[2024.01.08-12.02.03:769][  0]LogTargetPlatformManager: Display: Loaded TargetPlatform 'IOSClient'
[2024.01.08-12.02.03:769][  0]LogTargetPlatformManager: Display: Loaded TargetPlatform 'IOS'
[2024.01.08-12.02.03:805][  0]LogTargetPlatformManager: Display: Loaded TargetPlatform 'Linux'
[2024.01.08-12.02.03:829][  0]LogTargetPlatformManager: Display: Loaded TargetPlatform 'LinuxNoEditor'
[2024.01.08-12.02.03:849][  0]LogTargetPlatformManager: Display: Loaded TargetPlatform 'LinuxClient'
[2024.01.08-12.02.03:871][  0]LogTargetPlatformManager: Display: Loaded TargetPlatform 'LinuxServer'
[2024.01.08-12.02.03:909][  0]LogTargetPlatformManager: Display: Loaded TargetPlatform 'LinuxAArch64NoEditor'
[2024.01.08-12.02.03:928][  0]LogTargetPlatformManager: Display: Loaded TargetPlatform 'LinuxAArch64Client'
[2024.01.08-12.02.03:946][  0]LogTargetPlatformManager: Display: Loaded TargetPlatform 'LinuxAArch64Server'
[2024.01.08-12.02.04:043][  0]LogTargetPlatformManager: Display: Loaded TargetPlatform 'Lumin'
[2024.01.08-12.02.04:043][  0]LogTargetPlatformManager: Display: Loaded TargetPlatform 'LuminClient'
[2024.01.08-12.02.04:080][  0]LogTargetPlatformManager: Display: Loaded TargetPlatform 'MacNoEditor'
[2024.01.08-12.02.04:104][  0]LogTargetPlatformManager: Display: Loaded TargetPlatform 'Mac'
[2024.01.08-12.02.04:127][  0]LogTargetPlatformManager: Display: Loaded TargetPlatform 'MacClient'
[2024.01.08-12.02.04:148][  0]LogTargetPlatformManager: Display: Loaded TargetPlatform 'MacServer'
[2024.01.08-12.02.04:196][  0]LogTargetPlatformManager: Display: Loaded TargetPlatform 'TVOSClient'
[2024.01.08-12.02.04:196][  0]LogTargetPlatformManager: Display: Loaded TargetPlatform 'TVOS'
[2024.01.08-12.02.04:238][  0]LogTargetPlatformManager: Display: Loaded TargetPlatform 'WindowsNoEditor'
[2024.01.08-12.02.04:261][  0]LogTargetPlatformManager: Display: Loaded TargetPlatform 'Windows'
[2024.01.08-12.02.04:284][  0]LogTargetPlatformManager: Display: Loaded TargetPlatform 'WindowsClient'
[2024.01.08-12.02.04:307][  0]LogTargetPlatformManager: Display: Loaded TargetPlatform 'WindowsServer'
[2024.01.08-12.02.04:308][  0]LogTargetPlatformManager: Display: Building Assets For Windows
[2024.01.08-12.02.04:351][  0]LogAudioDebug: Display: Lib vorbis DLL was dynamically loaded.
[2024.01.08-12.02.04:512][  0]LogTextureFormatOodle: Display: Oodle Texture 2.9.0 init RDO Off
[2024.01.08-12.02.04:663][  0]LogRendererCore: Ray tracing is disabled. Reason: r.RayTracing=0.
[2024.01.08-12.02.04:663][  0]LogShaderCompilers: Guid format shader working directory is -29 characters bigger than the processId version (../../../../../../Users/macie/OneDrive/Dokumenty/Unreal Projects/MyProject/Intermediate/Shaders/WorkingDirectory/22896/).
[2024.01.08-12.02.04:664][  0]LogShaderCompilers: Cleaned the shader compiler working directory 'C:/Users/macie/AppData/Local/Temp/UnrealShaderWorkingDir/DAA862294399D5B7FF9021A7E1A5614F/'.
[2024.01.08-12.02.04:665][  0]LogXGEController: Cannot use XGE Controller as Incredibuild is not installed on this machine.
[2024.01.08-12.02.04:665][  0]LogShaderCompilers: Cannot use XGE Shader Compiler as Incredibuild is not installed on this machine.
[2024.01.08-12.02.04:665][  0]LogShaderCompilers: Display: Using Local Shader Compiler.
[2024.01.08-12.02.07:020][  0]LogDerivedDataCache: Display: Max Cache Size: 512 MB
[2024.01.08-12.02.07:122][  0]LogDerivedDataCache: Loaded boot cache 0.10s 94MB C:/Users/macie/AppData/Local/UnrealEngine/4.27/DerivedDataCache/Boot.ddc.
[2024.01.08-12.02.07:122][  0]LogDerivedDataCache: Display: Loaded Boot cache: C:/Users/macie/AppData/Local/UnrealEngine/4.27/DerivedDataCache/Boot.ddc
[2024.01.08-12.02.07:122][  0]LogDerivedDataCache: FDerivedDataBackendGraph:  Pak pak cache file ../../../../../../Users/macie/OneDrive/Dokumenty/Unreal Projects/MyProject/DerivedDataCache/DDC.ddp not found, will not use a pak cache.
[2024.01.08-12.02.07:122][  0]LogDerivedDataCache: Unable to find inner node Pak for hierarchical cache Hierarchy.
[2024.01.08-12.02.07:122][  0]LogDerivedDataCache: FDerivedDataBackendGraph:  CompressedPak pak cache file ../../../../../../Users/macie/OneDrive/Dokumenty/Unreal Projects/MyProject/DerivedDataCache/Compressed.ddp not found, will not use a pak cache.
[2024.01.08-12.02.07:122][  0]LogDerivedDataCache: Unable to find inner node CompressedPak for hierarchical cache Hierarchy.
[2024.01.08-12.02.07:158][  0]LogDerivedDataCache: Display: Pak cache opened for reading ../../../Engine/DerivedDataCache/Compressed.ddp.
[2024.01.08-12.02.07:158][  0]LogDerivedDataCache: FDerivedDataBackendGraph:  EnterprisePak pak cache file ../../../Enterprise/DerivedDataCache/Compressed.ddp not found, will not use a pak cache.
[2024.01.08-12.02.07:158][  0]LogDerivedDataCache: Unable to find inner node EnterprisePak for hierarchical cache Hierarchy.
[2024.01.08-12.02.07:175][  0]LogDerivedDataCache: Speed tests for C:/Users/macie/AppData/Local/UnrealEngine/Common/DerivedDataCache took 0.02 seconds
[2024.01.08-12.02.07:176][  0]LogDerivedDataCache: Display: Performance to C:/Users/macie/AppData/Local/UnrealEngine/Common/DerivedDataCache: Latency=0.05ms. RandomReadSpeed=484.97MBs, RandomWriteSpeed=62.86MBs. Assigned SpeedClass 'Local'
[2024.01.08-12.02.07:177][  0]LogDerivedDataCache: Using Local data cache path C:/Users/macie/AppData/Local/UnrealEngine/Common/DerivedDataCache: Writable
[2024.01.08-12.02.07:177][  0]LogDerivedDataCache: Shared data cache path not found in *engine.ini, will not use an Shared cache.
[2024.01.08-12.02.07:177][  0]LogDerivedDataCache: Unable to find inner node Shared for hierarchical cache Hierarchy.
[2024.01.08-12.02.07:263][  0]LogSlate: Using FreeType 2.10.0
[2024.01.08-12.02.07:264][  0]LogSlate: SlateFontServices - WITH_FREETYPE: 1, WITH_HARFBUZZ: 1
[2024.01.08-12.02.07:304][  0]LogAssetRegistry: FAssetRegistry took 0.0056 seconds to start up
[2024.01.08-12.02.07:808][  0]LogInit: Selected Device Profile: [Windows]
[2024.01.08-12.02.07:808][  0]LogInit: Active device profile: [0000029DA1504F00][0000029D99747640 49] Windows
[2024.01.08-12.02.07:808][  0]LogInit: Profiles: [0000029DA1504F00][0000029D99747640 49] Windows, [0000029DA1462400][0000029D993797C0 49] WindowsNoEditor, [0000029DA1505F00][0000029D9937D940 49] WindowsServer, [0000029DA1461600][0000029D993A7AC0 49] WindowsClient, [0000029DA1505000][0000029D8A6220C0 49] IOS, [0000029DA1463A00][0000029D8A642240 49] iPadAir, [0000029DA1507300][0000029D8A6503C0 49] iPadAir2, [0000029DA1351300][0000029D997A6680 49] IPadPro, [0000029DA1351400][0000029D997A26C0 49] iPadAir3, [0000029DA1460B00][0000029D997AA840 49] iPadAir4, [0000029DA1352100][0000029D9974A980 49] iPadMini2, [0000029DA1463400][0000029D997AEAC0 49] iPadMini3, [0000029DA1352C00][0000029D997B2C00 49] iPadMini4, [0000029DA1462700][0000029D99686D40 49] iPadMini5, [0000029DA136CE00][0000029D9AD63000 49] iPhone6, [0000029DA136CF00][0000029D9968F040 49] iPodTouch6, [0000029DA1506800][0000029D9AD6B300 49] iPhone7, [0000029DA1506900][0000029D9AD67340 49] iPodTouch7, [0000029DA1350C00][0000029D9AD6F4C0 49] iPhone5S, [0000029DA1505300][0000029D9AD77640 49] iPhone6Plus, [0000029DA1507A00][0000029D9F57F7C0 49] iPhone6S, [0000029DA136D300][0000029D9AD7B940 49] iPhone6SPlus, [0000029DA1504B00][0000029D9AD7FAC0 49] iPhone7Plus, [0000029DA136D600][0000029DA20040C0 49] iPhoneSE, [0000029DA1504A00][0000029DA2008240 49] iPhone8, [0000029DA136D200][0000029DA1C663C0 49] iPhone8Plus, [0000029DA1352B00][0000029DA1C6E540 49] iPhoneX, [0000029DA136CC00][0000029DA1C7C6C0 49] iPhoneXS, [0000029DA1353A00][0000029DA1C80840 49] iPhoneXSMax, [0000029DA136F800][0000029DA1C849C0 49] iPhoneXR, [0000029DA1350D00][0000029DA1C88B40 49] iPhone11, [0000029DA136E600][0000029D9968AC80 49] iPhone11Pro, [0000029DA1352900][0000029DA1C8CDC0 49] iPhone11ProMax, [0000029DA136C200][0000029D99616F00 49] iPhoneSE2, [0000029DA1350B00][0000029D9961F080 49] iPhone12Mini, [0000029DA136EA00][0000029D99623200 49] iPhone12, [0000029DA1352E00][0000029DA207D380 49] iPhone12Pro, [0000029DA136CA00][0000029DA2081500 49] iPhone12ProMax, [0000029DA1353200][0000029DA2085680 49] iPadPro105, [0000029DA136F600][0000029DA2089800 49] iPadPro129, [0000029DA1352000][0000029DA208D980 49] iPadPro97, [0000029DA136E000][0000029DA2095B00 49] iPadPro2_129, [0000029DA1352400][0000029DA2098100 49] iPad5, [0000029DA136D400][0000029D9AD20280 49] iPad6, [0000029DA1351000][0000029D9AD24400 49] iPad7, [0000029DA136D700][0000029D99664580 49] iPad8, [0000029DA1353C00][0000029D99668700 49] iPadPro11, [0000029DA136D800][0000029DA209C880 49] iPadPro2_11, [0000029DA1350600][0000029DA2090A00 49] iPadPro3_129, [0000029DA136CD00][0000029D99678B80 49] iPadPro4_129, [0000029DA1353100][0000029D9967CD00 49] AppleTV, [0000029DA136C800][0000029D9961AE40 49] AppleTV4K, [0000029DA1350500][0000029D99680F80 49] TVOS, [0000029DA136C500][0000029D9AD290C0 49] Mac, [0000029DA1350700][0000029D9F57B240 49] MacClient, [0000029DA136D500][0000029D9AD733C0 49] MacNoEditor, [0000029DA1351500][0000029D993AB540 49] MacServer, [0000029DA136EE00][0000029D8A6276C0 49] Linux, [0000029DA1350400][0000029D9AD31840 49] LinuxAArch64, [0000029DA136DE00][0000029D9AD359C0 49] LinuxNoEditor, [0000029DA1351C00][0000029D9AD39B40 49] LinuxAArch64NoEditor, [0000029DA136E900][0000029D9AD3C140 49] LinuxClient, [0000029DA1352D00][0000029D9AD402C0 49] LinuxAArch64Client, [0000029DA136C100][0000029D9AD44440 49] LinuxServer, [0000029DA1351E00][0000029D9AD485C0 49] LinuxAArch64Server, [0000029DA136CB00][0000029D9AD4C740 49] Android, [0000029DA1351A00][0000029D9AD508C0 49] Android_Low, [0000029DA136EF00][0000029D9AD54A40 49] Android_Mid, [0000029DA1351100][0000029D9AD58BC0 49] Android_High, [0000029DA136F000][0000029D9AD5CD40 49] Android_Default, [0000029DA1351700][0000029D9F502EC0 49] Android_Adreno4xx, [0000029DA136D900][0000029D9AD2D000 49] Android_Adreno5xx_Low, [0000029DA1350A00][0000029D9F507140 49] Android_Adreno5xx, [0000029DA136F400][0000029D9F50B280 49] Android_Adreno6xx, [0000029DA1350E00][0000029D9F50F3C0 49] Android_Adreno6xx_Vulkan, [0000029DA136F100][0000029D9F517540 49] Android_Mali_T6xx, [0000029DA1505E00][0000029D9F51B6C0 49] Android_Mali_T7xx, [0000029DA1460800][0000029D9F51F840 49] Android_Mali_T8xx, [0000029DA1505200][0000029D9F5239C0 49] Android_Mali_G71, [0000029DA1460E00][0000029D9F527B40 49] Android_Mali_G72, [0000029DA1505100][0000029D9F52A140 49] Android_Mali_G72_Vulkan, [0000029DA1462500][0000029D9F52E2C0 49] Android_Mali_G76, [0000029DA1505500][0000029D9F532440 49] Android_Mali_G76_Vulkan, [0000029DA1462000][0000029D9F5365C0 49] Android_Mali_G77, [0000029DA1507F00][0000029D9F53A740 49] Android_Mali_G77_Vulkan, [0000029DA1461D00][0000029DA19F88C0 49] Android_Mali_G78, [0000029DA1504300][0000029DA19FCA40 49] Android_Mali_G78_Vulkan, [0000029DA1460400][0000029DA1A00BC0 49] Android_Mali_G710, [0000029DA1507700][0000029DA1A04D40 49] Android_Mali_G710_Vulkan, [0000029DA1463100][0000029DA1A08EC0 49] Android_Vulkan_SM5, [0000029DA1504800][0000029DA1A0D040 49] Android_PowerVR_G6xxx, [0000029DA1460A00][0000029D9F513180 49] Android_PowerVR_GT7xxx, [0000029DA1504D00][0000029DA1A112C0 49] Android_PowerVR_GE8xxx, [0000029DA1463C00][0000029DA1A15400 49] Android_PowerVR_GM9xxx, [0000029DA1504600][0000029DA1A19540 49] Android_PowerVR_GM9xxx_Vulkan, [0000029DA1461200][0000029DA1A216C0 49] Android_TegraK1, [0000029DA1506B00][0000029DA1A25840 49] Android_Unknown_Vulkan, [0000029DA1463000][0000029DA1A299C0 49] Lumin, [0000029DA1506000][0000029DA1A2DB40 49] Lumin_Desktop, [0000029DA1462E00][0000029DA1A30140 49] HoloLens, 
[2024.01.08-12.02.08:005][  0]LogMeshReduction: Using QuadricMeshReduction for automatic static mesh reduction
[2024.01.08-12.02.08:005][  0]LogMeshReduction: Using SimplygonMeshReduction for automatic skeletal mesh reduction
[2024.01.08-12.02.08:005][  0]LogMeshReduction: Using ProxyLODMeshReduction for automatic mesh merging
[2024.01.08-12.02.08:005][  0]LogMeshReduction: No distributed automatic mesh merging module available
[2024.01.08-12.02.08:005][  0]LogMeshMerging: No distributed automatic mesh merging module available
[2024.01.08-12.02.08:030][  0]LogNetVersion: MyProject 1.0.0, NetCL: 17155196, EngineNetVer: 17, GameNetVer: 0 (Checksum: 3629800737)
[2024.01.08-12.02.08:863][  0]LogTexture: Default maximum texture size for cubemaps generated from long-lat sources has been changed from 512 to unlimited. In order to preserve old behaiour for '/Engine/MapTemplates/Sky/DaylightAmbientCubemap.DaylightAmbientCubemap', its maximum texture size has been explicitly set to 512.
[2024.01.08-12.02.09:009][  0]LogHMD: PokeAHoleMaterial loaded successfully
[2024.01.08-12.02.09:029][  0]LogUObjectArray: 17178 objects as part of root set at end of initial load.
[2024.01.08-12.02.09:029][  0]LogUObjectAllocator: 4302048 out of 0 bytes used by permanent object pool.
[2024.01.08-12.02.09:030][  0]LogUObjectArray: CloseDisregardForGC: 0/0 objects in disregard for GC pool
[2024.01.08-12.02.09:515][  0]LogNiagaraDebuggerClient: Niagara Debugger Client Initialized | Session: A0DE32C34C2600F91ACFD68833A858C8 | Instance: 3CB995B441898284C086D8B089BED237 (DESKTOP-DMJ13TM-22896).
[2024.01.08-12.02.09:625][  0]LogPython: Using Python 3.7.7
[2024.01.08-12.02.12:137][  0]LogTcpMessaging: Initializing TcpMessaging bridge
[2024.01.08-12.02.12:161][  0]LogUdpMessaging: Initializing bridge on interface 0.0.0.0:0 to multicast group 230.0.0.1:6666.
[2024.01.08-12.02.12:951][  0]SourceControl: Source control is disabled
[2024.01.08-12.02.12:951][  0]SourceControl: Source control is disabled
[2024.01.08-12.02.12:963][  0]SourceControl: Source control is disabled
[2024.01.08-12.02.12:983][  0]SourceControl: Source control is disabled
[2024.01.08-12.02.12:992][  0]SourceControl: Source control is disabled
[2024.01.08-12.02.13:315][  0]LogOpenImageDenoise: OIDN starting up
[2024.01.08-12.02.13:410][  0]LogAndroidPermission: UAndroidPermissionCallbackProxy::GetInstance
[2024.01.08-12.02.13:449][  0]LogAudioCaptureCore: Display: No Audio Capture implementations found. Audio input will be silent.
[2024.01.08-12.02.13:449][  0]LogAudioCaptureCore: Display: No Audio Capture implementations found. Audio input will be silent.
[2024.01.08-12.02.13:657][  0]LogUProjectInfo: Found projects:
[2024.01.08-12.02.13:673][  0]LogVSAccessor: Display: Unable to create Visual Studio setup instance: 80040154
[2024.01.08-12.02.13:675][  0]LogVSAccessor: Display: Unable to create Visual Studio setup instance: 80040154
[2024.01.08-12.02.13:676][  0]LogVSAccessor: Display: Unable to create Visual Studio setup instance: 80040154
[2024.01.08-12.02.13:828][  0]LogOcInput: OculusInput pre-init called
[2024.01.08-12.02.14:452][  0]LogCollectionManager: Loaded 0 collections in 0.006510 seconds
[2024.01.08-12.02.14:601][  0]LogFileCache: Scanning file cache for directory 'C:/Users/macie/OneDrive/Dokumenty/Unreal Projects/MyProject/Saved/Collections/' took 0.00s
[2024.01.08-12.02.14:601][  0]LogFileCache: Scanning file cache for directory 'C:/Users/macie/OneDrive/Dokumenty/Unreal Projects/MyProject/Content/Developers/macie/Collections/' took 0.00s
[2024.01.08-12.02.14:601][  0]LogFileCache: Scanning file cache for directory 'C:/Users/macie/OneDrive/Dokumenty/Unreal Projects/MyProject/Content/Collections/' took 0.00s
[2024.01.08-12.02.14:601][  0]LogEngine: Initializing Engine...
[2024.01.08-12.02.14:605][  0]LogHMD: Failed to enumerate extensions. Please check that you have a valid OpenXR runtime installed.
[2024.01.08-12.02.14:605][  0]LogHMD: Failed to initialize OpenVR with code 110
[2024.01.08-12.02.14:606][  0]LogMagicLeap: Warning: VR disabled because ZI is not enabled.  To enable, in the editor, Edit -> Project Settings -> Plugins -> Magic Leap Plugin -> Enable Zero Iteration
[2024.01.08-12.02.14:606][  0]LogStats: UGameplayTagsManager::InitializeManager -  0.000 s
[2024.01.08-12.02.14:928][  0]LogInit: Initializing FReadOnlyCVARCache
[2024.01.08-12.02.14:955][  0]LogAIModule: Creating AISystem for world Untitled
[2024.01.08-12.02.14:956][  0]LogAudio: Display: Initializing Audio Device Manager...
[2024.01.08-12.02.14:967][  0]LogAudio: Display: Loading Default Audio Settings Objects...
[2024.01.08-12.02.14:968][  0]LogAudio: Display: No default SoundConcurrencyObject specified (or failed to load).
[2024.01.08-12.02.14:970][  0]LogAudio: Display: Audio Device Manager Initialized
[2024.01.08-12.02.14:970][  0]LogAudio: Display: Creating Audio Device:                 Id: 1, Scope: Shared, Realtime: True
[2024.01.08-12.02.14:970][  0]LogAudioMixer: Display: Audio Mixer Platform Settings:
[2024.01.08-12.02.14:970][  0]LogAudioMixer: Display: 	Sample Rate:						  48000
[2024.01.08-12.02.14:970][  0]LogAudioMixer: Display: 	Callback Buffer Frame Size Requested: 1024
[2024.01.08-12.02.14:970][  0]LogAudioMixer: Display: 	Callback Buffer Frame Size To Use:	  1024
[2024.01.08-12.02.14:970][  0]LogAudioMixer: Display: 	Number of buffers to queue:			  2
[2024.01.08-12.02.14:970][  0]LogAudioMixer: Display: 	Max Channels (voices):				  32
[2024.01.08-12.02.14:970][  0]LogAudioMixer: Display: 	Number of Async Source Workers:		  0
[2024.01.08-12.02.14:970][  0]LogAudio: Display: AudioDevice MaxSources: 32
[2024.01.08-12.02.14:971][  0]LogAudio: Display: Audio Spatialization Plugin: None (built-in).
[2024.01.08-12.02.14:971][  0]LogAudio: Display: Audio Reverb Plugin: None (built-in).
[2024.01.08-12.02.14:971][  0]LogAudio: Display: Audio Occlusion Plugin: None (built-in).
[2024.01.08-12.02.14:971][  0]LogAudioMixer: Display: Initializing audio mixer.
[2024.01.08-12.02.14:997][  0]LogAudioMixer: Display: 0: FrontLeft
[2024.01.08-12.02.14:997][  0]LogAudioMixer: Display: 1: FrontRight
[2024.01.08-12.02.15:058][  0]LogAudioMixer: Display: Using Audio Device Głośnik (Synaptics Audio)
[2024.01.08-12.02.15:067][  0]LogAudioMixer: Display: Initializing Sound Submixes...
[2024.01.08-12.02.15:078][  0]LogAudioMixer: Display: Creating Master Submix 'MasterSubmixDefault'
[2024.01.08-12.02.15:078][  0]LogAudioMixer: Display: Creating Master Submix 'MasterReverbSubmixDefault'
[2024.01.08-12.02.15:082][  0]LogAudioMixer: Display: Creating Master Submix 'MasterEQSubmixDefault'
[2024.01.08-12.02.15:082][  0]LogAudioMixer: FMixerPlatformXAudio2::StartAudioStream() called
[2024.01.08-12.02.15:082][  0]LogAudioMixer: Display: Output buffers initialized: Frames=1024, Channels=2, Samples=2048
[2024.01.08-12.02.15:087][  0]LogAudioMixer: Display: Starting AudioMixerPlatformInterface::RunInternal()
[2024.01.08-12.02.15:087][  0]LogAudioMixer: Display: FMixerPlatformXAudio2::SubmitBuffer() called for the first time
[2024.01.08-12.02.15:088][  0]LogInit: FAudioDevice initialized.
[2024.01.08-12.02.15:088][  0]LogAudio: Display: Audio Device (ID: 1) registered with world 'Untitled'.
[2024.01.08-12.02.15:089][  0]LogNetVersion: Set ProjectVersion to 1.0.0.0. Version Checksum will be recalculated on next use.
[2024.01.08-12.02.15:313][  0]LogDerivedDataCache: Saved boot cache 0.22s 94MB C:/Users/macie/AppData/Local/UnrealEngine/4.27/DerivedDataCache/Boot.ddc.
[2024.01.08-12.02.15:314][  0]LogInit: Texture streaming: Enabled
[2024.01.08-12.02.15:360][  0]LogAnalytics: Display: [UEEditor.Rocket.Release] APIServer = https://datarouter.ol.epicgames.com/. AppVersion = 4.27.2-18319896+++UE4+Release-4.27
[2024.01.08-12.02.15:377][  0]LogEngineSessionManager: EngineSessionManager initialized
[2024.01.08-12.02.15:378][  0]LogEditorSessionSummary: Verbose: Initializing EditorSessionSummaryWriter for editor session tracking
[2024.01.08-12.02.15:386][  0]LogEditorSessionSummary: EditorSessionSummaryWriter initialized
[2024.01.08-12.02.15:499][  0]LogInit: Transaction tracking system initialized
[2024.01.08-12.02.15:603][  0]BlueprintLog: New page: Editor Load
[2024.01.08-12.02.15:890][  0]LocalizationService: Localization service is disabled
[2024.01.08-12.02.15:972][  0]TimingProfiler: Initialize
[2024.01.08-12.02.15:972][  0]TimingProfiler: OnSessionChanged
[2024.01.08-12.02.15:972][  0]LoadingProfiler: Initialize
[2024.01.08-12.02.15:973][  0]LoadingProfiler: OnSessionChanged
[2024.01.08-12.02.15:973][  0]NetworkingProfiler: Initialize
[2024.01.08-12.02.15:973][  0]NetworkingProfiler: OnSessionChanged
[2024.01.08-12.02.15:973][  0]MemoryProfiler: Initialize
[2024.01.08-12.02.15:973][  0]MemoryProfiler: OnSessionChanged
[2024.01.08-12.02.16:167][  0]LogVSAccessor: Display: Unable to create Visual Studio setup instance: 80040154
[2024.01.08-12.02.16:169][  0]LogVSAccessor: Display: Unable to create Visual Studio setup instance: 80040154
[2024.01.08-12.02.16:171][  0]LogVSAccessor: Display: Unable to create Visual Studio setup instance: 80040154
[2024.01.08-12.02.16:433][  0]LogCook: Display: CookSettings for Memory: MemoryMaxUsedVirtual 0MiB, MemoryMaxUsedPhysical 16384MiB, MemoryMinFreeVirtual 0MiB, MemoryMinFreePhysical 1024MiB
[2024.01.08-12.02.16:434][  0]LogCook: Display: Mobile HDR setting 1
[2024.01.08-12.02.16:647][  0]LogFileCache: Scanning file cache for directory 'C:/Users/macie/OneDrive/Dokumenty/Unreal Projects/MyProject/Content/' took 0.01s
[2024.01.08-12.02.17:197][  0]LogInit: Display: Engine is initialized. Leaving FEngineLoop::Init()
[2024.01.08-12.02.17:203][  0]SourceControl: Source control is disabled
[2024.01.08-12.02.17:203][  0]LogUnrealEdMisc: Loading editor; pre map load, took 22.504
[2024.01.08-12.02.17:203][  0]Cmd: MAP LOAD FILE="../../../../../../Users/macie/OneDrive/Dokumenty/Unreal Projects/MyProject/Content/ball.umap" TEMPLATE=0 SHOWPROGRESS=1 FEATURELEVEL=3
[2024.01.08-12.02.17:204][  0]LightingResults: New page: Lighting Build
[2024.01.08-12.02.17:207][  0]LogWorld: UWorld::CleanupWorld for Untitled, bSessionEnded=true, bCleanupResources=true
[2024.01.08-12.02.17:207][  0]LogSlate: InvalidateAllWidgets triggered.  All widgets were invalidated
[2024.01.08-12.02.17:207][  0]MapCheck: New page: Map Check
[2024.01.08-12.02.17:207][  0]LightingResults: New page: Lighting Build
[2024.01.08-12.02.17:216][  0]LogAudio: Display: Audio Device unregistered from world 'None'.
[2024.01.08-12.02.17:220][  0]LogUObjectHash: Compacting FUObjectHashTables data took   1.97ms
[2024.01.08-12.02.17:255][  0]LogAudio: Display: Audio Device (ID: 1) registered with world 'ball'.
[2024.01.08-12.02.17:257][  0]LogAIModule: Creating AISystem for world ball
[2024.01.08-12.02.17:269][  0]LogEditorServer: Finished looking for orphan Actors (0.000 secs)
[2024.01.08-12.02.17:294][  0]LogUObjectHash: Compacting FUObjectHashTables data took   1.88ms
[2024.01.08-12.02.17:295][  0]Cmd: MAP CHECKDEP NOCLEARLOG
[2024.01.08-12.02.17:295][  0]MapCheck: Map check complete: 0 Error(s), 0 Warning(s), took 0,303ms to complete.
[2024.01.08-12.02.17:295][  0]LogFileHelpers: Loading map 'ball' took 0.092
[2024.01.08-12.02.17:298][  0]LogUnrealEdMisc: Total Editor Startup Time, took 22.599
[2024.01.08-12.02.17:555][  0]LogSlate: Updating window title bar state: overlay mode, drag disabled, window buttons hidden, title bar hidden
[2024.01.08-12.02.17:573][  0]LogSlate: Updating window title bar state: overlay mode, drag disabled, window buttons hidden, title bar hidden
[2024.01.08-12.02.17:588][  0]LogSlate: Updating window title bar state: overlay mode, drag disabled, window buttons hidden, title bar hidden
[2024.01.08-12.02.17:604][  0]LogSlate: Updating window title bar state: overlay mode, drag disabled, window buttons hidden, title bar hidden
[2024.01.08-12.02.17:637][  0]LogNativeClassHierarchy: Verbose: Native class hierarchy populated in 0.0236 seconds. Added 3822 classes and 928 folders.
[2024.01.08-12.02.17:643][  0]LogNativeClassHierarchy: Verbose: Native class hierarchy updated for 'WidgetCarousel' in 0.0005 seconds. Added 0 classes and 0 folders.
[2024.01.08-12.02.17:646][  0]LogPakFile: PakFile PrimaryIndexSize=187
[2024.01.08-12.02.17:646][  0]LogPakFile: PakFile PathHashIndexSize=101
[2024.01.08-12.02.17:646][  0]LogPakFile: PakFile FullDirectoryIndexSize=148
[2024.01.08-12.02.17:646][  0]LogShaderLibrary: Display: ShaderCodeLibraryPakFileMountedCallback: PakFile 'C:/Program Files/Epic Games/UE_4.27/FeaturePacks/FP_FirstPerson.upack' (chunk index -1, root 'root:/') mounted
[2024.01.08-12.02.17:646][  0]LogShaderLibrary: Display: ShaderCodeLibraryPakFileMountedCallback: pending pak file info (ChunkID:-1 Root:root:/ File:C:/Program Files/Epic Games/UE_4.27/FeaturePacks/FP_FirstPerson.upack)
[2024.01.08-12.02.17:646][  0]LogPakFile: OnPakFileMounted2Time == 0.000144
[2024.01.08-12.02.17:648][  0]LogPakFile: PakFile PrimaryIndexSize=189
[2024.01.08-12.02.17:648][  0]LogPakFile: PakFile PathHashIndexSize=101
[2024.01.08-12.02.17:648][  0]LogPakFile: PakFile FullDirectoryIndexSize=152
[2024.01.08-12.02.17:648][  0]LogShaderLibrary: Display: ShaderCodeLibraryPakFileMountedCallback: PakFile 'C:/Program Files/Epic Games/UE_4.27/FeaturePacks/FP_FirstPersonBP.upack' (chunk index -1, root 'root:/') mounted
[2024.01.08-12.02.17:648][  0]LogShaderLibrary: Display: ShaderCodeLibraryPakFileMountedCallback: pending pak file info (ChunkID:-1 Root:root:/ File:C:/Program Files/Epic Games/UE_4.27/FeaturePacks/FP_FirstPersonBP.upack)
[2024.01.08-12.02.17:648][  0]LogPakFile: OnPakFileMounted2Time == 0.000081
[2024.01.08-12.02.17:650][  0]LogPakFile: PakFile PrimaryIndexSize=191
[2024.01.08-12.02.17:650][  0]LogPakFile: PakFile PathHashIndexSize=101
[2024.01.08-12.02.17:650][  0]LogPakFile: PakFile FullDirectoryIndexSize=160
[2024.01.08-12.02.17:650][  0]LogShaderLibrary: Display: ShaderCodeLibraryPakFileMountedCallback: PakFile 'C:/Program Files/Epic Games/UE_4.27/FeaturePacks/MobileStarterContent.upack' (chunk index -1, root 'root:/') mounted
[2024.01.08-12.02.17:650][  0]LogShaderLibrary: Display: ShaderCodeLibraryPakFileMountedCallback: pending pak file info (ChunkID:-1 Root:root:/ File:C:/Program Files/Epic Games/UE_4.27/FeaturePacks/MobileStarterContent.upack)
[2024.01.08-12.02.17:650][  0]LogPakFile: OnPakFileMounted2Time == 0.000068
[2024.01.08-12.02.17:652][  0]LogPakFile: PakFile PrimaryIndexSize=185
[2024.01.08-12.02.17:652][  0]LogPakFile: PakFile PathHashIndexSize=101
[2024.01.08-12.02.17:652][  0]LogPakFile: PakFile FullDirectoryIndexSize=148
[2024.01.08-12.02.17:652][  0]LogShaderLibrary: Display: ShaderCodeLibraryPakFileMountedCallback: PakFile 'C:/Program Files/Epic Games/UE_4.27/FeaturePacks/StarterContent.upack' (chunk index -1, root 'root:/') mounted
[2024.01.08-12.02.17:652][  0]LogShaderLibrary: Display: ShaderCodeLibraryPakFileMountedCallback: pending pak file info (ChunkID:-1 Root:root:/ File:C:/Program Files/Epic Games/UE_4.27/FeaturePacks/StarterContent.upack)
[2024.01.08-12.02.17:652][  0]LogPakFile: OnPakFileMounted2Time == 0.000078
[2024.01.08-12.02.17:654][  0]LogPakFile: PakFile PrimaryIndexSize=190
[2024.01.08-12.02.17:654][  0]LogPakFile: PakFile PathHashIndexSize=101
[2024.01.08-12.02.17:654][  0]LogPakFile: PakFile FullDirectoryIndexSize=154
[2024.01.08-12.02.17:654][  0]LogShaderLibrary: Display: ShaderCodeLibraryPakFileMountedCallback: PakFile 'C:/Program Files/Epic Games/UE_4.27/FeaturePacks/TP_2DSideScroller.upack' (chunk index -1, root 'root:/') mounted
[2024.01.08-12.02.17:654][  0]LogShaderLibrary: Display: ShaderCodeLibraryPakFileMountedCallback: pending pak file info (ChunkID:-1 Root:root:/ File:C:/Program Files/Epic Games/UE_4.27/FeaturePacks/TP_2DSideScroller.upack)
[2024.01.08-12.02.17:654][  0]LogPakFile: OnPakFileMounted2Time == 0.000126
[2024.01.08-12.02.17:658][  0]LogPakFile: PakFile PrimaryIndexSize=192
[2024.01.08-12.02.17:658][  0]LogPakFile: PakFile PathHashIndexSize=101
[2024.01.08-12.02.17:658][  0]LogPakFile: PakFile FullDirectoryIndexSize=158
[2024.01.08-12.02.17:658][  0]LogShaderLibrary: Display: ShaderCodeLibraryPakFileMountedCallback: PakFile 'C:/Program Files/Epic Games/UE_4.27/FeaturePacks/TP_2DSideScrollerBP.upack' (chunk index -1, root 'root:/') mounted
[2024.01.08-12.02.17:658][  0]LogShaderLibrary: Display: ShaderCodeLibraryPakFileMountedCallback: pending pak file info (ChunkID:-1 Root:root:/ File:C:/Program Files/Epic Games/UE_4.27/FeaturePacks/TP_2DSideScrollerBP.upack)
[2024.01.08-12.02.17:658][  0]LogPakFile: OnPakFileMounted2Time == 0.000110
[2024.01.08-12.02.17:660][  0]LogPakFile: PakFile PrimaryIndexSize=182
[2024.01.08-12.02.17:660][  0]LogPakFile: PakFile PathHashIndexSize=101
[2024.01.08-12.02.17:660][  0]LogPakFile: PakFile FullDirectoryIndexSize=138
[2024.01.08-12.02.17:660][  0]LogShaderLibrary: Display: ShaderCodeLibraryPakFileMountedCallback: PakFile 'C:/Program Files/Epic Games/UE_4.27/FeaturePacks/TP_Flying.upack' (chunk index -1, root 'root:/') mounted
[2024.01.08-12.02.17:660][  0]LogShaderLibrary: Display: ShaderCodeLibraryPakFileMountedCallback: pending pak file info (ChunkID:-1 Root:root:/ File:C:/Program Files/Epic Games/UE_4.27/FeaturePacks/TP_Flying.upack)
[2024.01.08-12.02.17:660][  0]LogPakFile: OnPakFileMounted2Time == 0.000107
[2024.01.08-12.02.17:662][  0]LogPakFile: PakFile PrimaryIndexSize=184
[2024.01.08-12.02.17:662][  0]LogPakFile: PakFile PathHashIndexSize=101
[2024.01.08-12.02.17:662][  0]LogPakFile: PakFile FullDirectoryIndexSize=142
[2024.01.08-12.02.17:662][  0]LogShaderLibrary: Display: ShaderCodeLibraryPakFileMountedCallback: PakFile 'C:/Program Files/Epic Games/UE_4.27/FeaturePacks/TP_FlyingBP.upack' (chunk index -1, root 'root:/') mounted
[2024.01.08-12.02.17:662][  0]LogShaderLibrary: Display: ShaderCodeLibraryPakFileMountedCallback: pending pak file info (ChunkID:-1 Root:root:/ File:C:/Program Files/Epic Games/UE_4.27/FeaturePacks/TP_FlyingBP.upack)
[2024.01.08-12.02.17:662][  0]LogPakFile: OnPakFileMounted2Time == 0.000128
[2024.01.08-12.02.17:665][  0]LogPakFile: PakFile PrimaryIndexSize=188
[2024.01.08-12.02.17:665][  0]LogPakFile: PakFile PathHashIndexSize=101
[2024.01.08-12.02.17:665][  0]LogPakFile: PakFile FullDirectoryIndexSize=150
[2024.01.08-12.02.17:665][  0]LogShaderLibrary: Display: ShaderCodeLibraryPakFileMountedCallback: PakFile 'C:/Program Files/Epic Games/UE_4.27/FeaturePacks/TP_HandheldARBP.upack' (chunk index -1, root 'root:/') mounted
[2024.01.08-12.02.17:665][  0]LogShaderLibrary: Display: ShaderCodeLibraryPakFileMountedCallback: pending pak file info (ChunkID:-1 Root:root:/ File:C:/Program Files/Epic Games/UE_4.27/FeaturePacks/TP_HandheldARBP.upack)
[2024.01.08-12.02.17:665][  0]LogPakFile: OnPakFileMounted2Time == 0.000085
[2024.01.08-12.02.17:669][  0]LogPakFile: PakFile PrimaryIndexSize=182
[2024.01.08-12.02.17:669][  0]LogPakFile: PakFile PathHashIndexSize=101
[2024.01.08-12.02.17:669][  0]LogPakFile: PakFile FullDirectoryIndexSize=138
[2024.01.08-12.02.17:669][  0]LogShaderLibrary: Display: ShaderCodeLibraryPakFileMountedCallback: PakFile 'C:/Program Files/Epic Games/UE_4.27/FeaturePacks/TP_Puzzle.upack' (chunk index -1, root 'root:/') mounted
[2024.01.08-12.02.17:669][  0]LogShaderLibrary: Display: ShaderCodeLibraryPakFileMountedCallback: pending pak file info (ChunkID:-1 Root:root:/ File:C:/Program Files/Epic Games/UE_4.27/FeaturePacks/TP_Puzzle.upack)
[2024.01.08-12.02.17:669][  0]LogPakFile: OnPakFileMounted2Time == 0.000108
[2024.01.08-12.02.17:671][  0]LogPakFile: PakFile PrimaryIndexSize=184
[2024.01.08-12.02.17:671][  0]LogPakFile: PakFile PathHashIndexSize=101
[2024.01.08-12.02.17:671][  0]LogPakFile: PakFile FullDirectoryIndexSize=142
[2024.01.08-12.02.17:671][  0]LogShaderLibrary: Display: ShaderCodeLibraryPakFileMountedCallback: PakFile 'C:/Program Files/Epic Games/UE_4.27/FeaturePacks/TP_PuzzleBP.upack' (chunk index -1, root 'root:/') mounted
[2024.01.08-12.02.17:671][  0]LogShaderLibrary: Display: ShaderCodeLibraryPakFileMountedCallback: pending pak file info (ChunkID:-1 Root:root:/ File:C:/Program Files/Epic Games/UE_4.27/FeaturePacks/TP_PuzzleBP.upack)
[2024.01.08-12.02.17:671][  0]LogPakFile: OnPakFileMounted2Time == 0.000129
[2024.01.08-12.02.17:674][  0]LogPakFile: PakFile PrimaryIndexSize=183
[2024.01.08-12.02.17:674][  0]LogPakFile: PakFile PathHashIndexSize=101
[2024.01.08-12.02.17:674][  0]LogPakFile: PakFile FullDirectoryIndexSize=140
[2024.01.08-12.02.17:674][  0]LogShaderLibrary: Display: ShaderCodeLibraryPakFileMountedCallback: PakFile 'C:/Program Files/Epic Games/UE_4.27/FeaturePacks/TP_Rolling.upack' (chunk index -1, root 'root:/') mounted
[2024.01.08-12.02.17:674][  0]LogShaderLibrary: Display: ShaderCodeLibraryPakFileMountedCallback: pending pak file info (ChunkID:-1 Root:root:/ File:C:/Program Files/Epic Games/UE_4.27/FeaturePacks/TP_Rolling.upack)
[2024.01.08-12.02.17:674][  0]LogPakFile: OnPakFileMounted2Time == 0.000132
[2024.01.08-12.02.17:676][  0]LogPakFile: PakFile PrimaryIndexSize=185
[2024.01.08-12.02.17:676][  0]LogPakFile: PakFile PathHashIndexSize=101
[2024.01.08-12.02.17:676][  0]LogPakFile: PakFile FullDirectoryIndexSize=144
[2024.01.08-12.02.17:676][  0]LogShaderLibrary: Display: ShaderCodeLibraryPakFileMountedCallback: PakFile 'C:/Program Files/Epic Games/UE_4.27/FeaturePacks/TP_RollingBP.upack' (chunk index -1, root 'root:/') mounted
[2024.01.08-12.02.17:676][  0]LogShaderLibrary: Display: ShaderCodeLibraryPakFileMountedCallback: pending pak file info (ChunkID:-1 Root:root:/ File:C:/Program Files/Epic Games/UE_4.27/FeaturePacks/TP_RollingBP.upack)
[2024.01.08-12.02.17:676][  0]LogPakFile: OnPakFileMounted2Time == 0.000127
[2024.01.08-12.02.17:680][  0]LogPakFile: PakFile PrimaryIndexSize=188
[2024.01.08-12.02.17:680][  0]LogPakFile: PakFile PathHashIndexSize=101
[2024.01.08-12.02.17:680][  0]LogPakFile: PakFile FullDirectoryIndexSize=150
[2024.01.08-12.02.17:680][  0]LogShaderLibrary: Display: ShaderCodeLibraryPakFileMountedCallback: PakFile 'C:/Program Files/Epic Games/UE_4.27/FeaturePacks/TP_SideScroller.upack' (chunk index -1, root 'root:/') mounted
[2024.01.08-12.02.17:680][  0]LogShaderLibrary: Display: ShaderCodeLibraryPakFileMountedCallback: pending pak file info (ChunkID:-1 Root:root:/ File:C:/Program Files/Epic Games/UE_4.27/FeaturePacks/TP_SideScroller.upack)
[2024.01.08-12.02.17:680][  0]LogPakFile: OnPakFileMounted2Time == 0.000117
[2024.01.08-12.02.17:683][  0]LogPakFile: PakFile PrimaryIndexSize=190
[2024.01.08-12.02.17:683][  0]LogPakFile: PakFile PathHashIndexSize=101
[2024.01.08-12.02.17:683][  0]LogPakFile: PakFile FullDirectoryIndexSize=154
[2024.01.08-12.02.17:683][  0]LogShaderLibrary: Display: ShaderCodeLibraryPakFileMountedCallback: PakFile 'C:/Program Files/Epic Games/UE_4.27/FeaturePacks/TP_SideScrollerBP.upack' (chunk index -1, root 'root:/') mounted
[2024.01.08-12.02.17:683][  0]LogShaderLibrary: Display: ShaderCodeLibraryPakFileMountedCallback: pending pak file info (ChunkID:-1 Root:root:/ File:C:/Program Files/Epic Games/UE_4.27/FeaturePacks/TP_SideScrollerBP.upack)
[2024.01.08-12.02.17:683][  0]LogPakFile: OnPakFileMounted2Time == 0.000114
[2024.01.08-12.02.17:685][  0]LogPakFile: PakFile PrimaryIndexSize=187
[2024.01.08-12.02.17:686][  0]LogPakFile: PakFile PathHashIndexSize=101
[2024.01.08-12.02.17:686][  0]LogPakFile: PakFile FullDirectoryIndexSize=148
[2024.01.08-12.02.17:686][  0]LogShaderLibrary: Display: ShaderCodeLibraryPakFileMountedCallback: PakFile 'C:/Program Files/Epic Games/UE_4.27/FeaturePacks/TP_ThirdPerson.upack' (chunk index -1, root 'root:/') mounted
[2024.01.08-12.02.17:686][  0]LogShaderLibrary: Display: ShaderCodeLibraryPakFileMountedCallback: pending pak file info (ChunkID:-1 Root:root:/ File:C:/Program Files/Epic Games/UE_4.27/FeaturePacks/TP_ThirdPerson.upack)
[2024.01.08-12.02.17:686][  0]LogPakFile: OnPakFileMounted2Time == 0.000091
[2024.01.08-12.02.17:689][  0]LogPakFile: PakFile PrimaryIndexSize=189
[2024.01.08-12.02.17:689][  0]LogPakFile: PakFile PathHashIndexSize=101
[2024.01.08-12.02.17:689][  0]LogPakFile: PakFile FullDirectoryIndexSize=152
[2024.01.08-12.02.17:689][  0]LogShaderLibrary: Display: ShaderCodeLibraryPakFileMountedCallback: PakFile 'C:/Program Files/Epic Games/UE_4.27/FeaturePacks/TP_ThirdPersonBP.upack' (chunk index -1, root 'root:/') mounted
[2024.01.08-12.02.17:689][  0]LogShaderLibrary: Display: ShaderCodeLibraryPakFileMountedCallback: pending pak file info (ChunkID:-1 Root:root:/ File:C:/Program Files/Epic Games/UE_4.27/FeaturePacks/TP_ThirdPersonBP.upack)
[2024.01.08-12.02.17:689][  0]LogPakFile: OnPakFileMounted2Time == 0.000135
[2024.01.08-12.02.17:692][  0]LogPakFile: PakFile PrimaryIndexSize=183
[2024.01.08-12.02.17:692][  0]LogPakFile: PakFile PathHashIndexSize=101
[2024.01.08-12.02.17:692][  0]LogPakFile: PakFile FullDirectoryIndexSize=140
[2024.01.08-12.02.17:692][  0]LogShaderLibrary: Display: ShaderCodeLibraryPakFileMountedCallback: PakFile 'C:/Program Files/Epic Games/UE_4.27/FeaturePacks/TP_TopDown.upack' (chunk index -1, root 'root:/') mounted
[2024.01.08-12.02.17:692][  0]LogShaderLibrary: Display: ShaderCodeLibraryPakFileMountedCallback: pending pak file info (ChunkID:-1 Root:root:/ File:C:/Program Files/Epic Games/UE_4.27/FeaturePacks/TP_TopDown.upack)
[2024.01.08-12.02.17:692][  0]LogPakFile: OnPakFileMounted2Time == 0.000114
[2024.01.08-12.02.17:694][  0]LogPakFile: PakFile PrimaryIndexSize=185
[2024.01.08-12.02.17:694][  0]LogPakFile: PakFile PathHashIndexSize=101
[2024.01.08-12.02.17:695][  0]LogPakFile: PakFile FullDirectoryIndexSize=144
[2024.01.08-12.02.17:695][  0]LogShaderLibrary: Display: ShaderCodeLibraryPakFileMountedCallback: PakFile 'C:/Program Files/Epic Games/UE_4.27/FeaturePacks/TP_TopDownBP.upack' (chunk index -1, root 'root:/') mounted
[2024.01.08-12.02.17:695][  0]LogShaderLibrary: Display: ShaderCodeLibraryPakFileMountedCallback: pending pak file info (ChunkID:-1 Root:root:/ File:C:/Program Files/Epic Games/UE_4.27/FeaturePacks/TP_TopDownBP.upack)
[2024.01.08-12.02.17:695][  0]LogPakFile: OnPakFileMounted2Time == 0.000125
[2024.01.08-12.02.17:697][  0]LogPakFile: PakFile PrimaryIndexSize=185
[2024.01.08-12.02.17:697][  0]LogPakFile: PakFile PathHashIndexSize=101
[2024.01.08-12.02.17:697][  0]LogPakFile: PakFile FullDirectoryIndexSize=144
[2024.01.08-12.02.17:697][  0]LogShaderLibrary: Display: ShaderCodeLibraryPakFileMountedCallback: PakFile 'C:/Program Files/Epic Games/UE_4.27/FeaturePacks/TP_TwinStick.upack' (chunk index -1, root 'root:/') mounted
[2024.01.08-12.02.17:697][  0]LogShaderLibrary: Display: ShaderCodeLibraryPakFileMountedCallback: pending pak file info (ChunkID:-1 Root:root:/ File:C:/Program Files/Epic Games/UE_4.27/FeaturePacks/TP_TwinStick.upack)
[2024.01.08-12.02.17:697][  0]LogPakFile: OnPakFileMounted2Time == 0.000113
[2024.01.08-12.02.17:699][  0]LogPakFile: PakFile PrimaryIndexSize=187
[2024.01.08-12.02.17:700][  0]LogPakFile: PakFile PathHashIndexSize=101
[2024.01.08-12.02.17:700][  0]LogPakFile: PakFile FullDirectoryIndexSize=148
[2024.01.08-12.02.17:700][  0]LogShaderLibrary: Display: ShaderCodeLibraryPakFileMountedCallback: PakFile 'C:/Program Files/Epic Games/UE_4.27/FeaturePacks/TP_TwinStickBP.upack' (chunk index -1, root 'root:/') mounted
[2024.01.08-12.02.17:700][  0]LogShaderLibrary: Display: ShaderCodeLibraryPakFileMountedCallback: pending pak file info (ChunkID:-1 Root:root:/ File:C:/Program Files/Epic Games/UE_4.27/FeaturePacks/TP_TwinStickBP.upack)
[2024.01.08-12.02.17:700][  0]LogPakFile: OnPakFileMounted2Time == 0.000107
[2024.01.08-12.02.17:702][  0]LogPakFile: PakFile PrimaryIndexSize=183
[2024.01.08-12.02.17:702][  0]LogPakFile: PakFile PathHashIndexSize=101
[2024.01.08-12.02.17:702][  0]LogPakFile: PakFile FullDirectoryIndexSize=140
[2024.01.08-12.02.17:702][  0]LogShaderLibrary: Display: ShaderCodeLibraryPakFileMountedCallback: PakFile 'C:/Program Files/Epic Games/UE_4.27/FeaturePacks/TP_Vehicle.upack' (chunk index -1, root 'root:/') mounted
[2024.01.08-12.02.17:702][  0]LogShaderLibrary: Display: ShaderCodeLibraryPakFileMountedCallback: pending pak file info (ChunkID:-1 Root:root:/ File:C:/Program Files/Epic Games/UE_4.27/FeaturePacks/TP_Vehicle.upack)
[2024.01.08-12.02.17:703][  0]LogPakFile: OnPakFileMounted2Time == 0.000139
[2024.01.08-12.02.17:705][  0]LogPakFile: PakFile PrimaryIndexSize=186
[2024.01.08-12.02.17:706][  0]LogPakFile: PakFile PathHashIndexSize=101
[2024.01.08-12.02.17:706][  0]LogPakFile: PakFile FullDirectoryIndexSize=146
[2024.01.08-12.02.17:706][  0]LogShaderLibrary: Display: ShaderCodeLibraryPakFileMountedCallback: PakFile 'C:/Program Files/Epic Games/UE_4.27/FeaturePacks/TP_VehicleAdv.upack' (chunk index -1, root 'root:/') mounted
[2024.01.08-12.02.17:706][  0]LogShaderLibrary: Display: ShaderCodeLibraryPakFileMountedCallback: pending pak file info (ChunkID:-1 Root:root:/ File:C:/Program Files/Epic Games/UE_4.27/FeaturePacks/TP_VehicleAdv.upack)
[2024.01.08-12.02.17:706][  0]LogPakFile: OnPakFileMounted2Time == 0.000126
[2024.01.08-12.02.17:709][  0]LogPakFile: PakFile PrimaryIndexSize=188
[2024.01.08-12.02.17:709][  0]LogPakFile: PakFile PathHashIndexSize=101
[2024.01.08-12.02.17:709][  0]LogPakFile: PakFile FullDirectoryIndexSize=150
[2024.01.08-12.02.17:709][  0]LogShaderLibrary: Display: ShaderCodeLibraryPakFileMountedCallback: PakFile 'C:/Program Files/Epic Games/UE_4.27/FeaturePacks/TP_VehicleAdvBP.upack' (chunk index -1, root 'root:/') mounted
[2024.01.08-12.02.17:709][  0]LogShaderLibrary: Display: ShaderCodeLibraryPakFileMountedCallback: pending pak file info (ChunkID:-1 Root:root:/ File:C:/Program Files/Epic Games/UE_4.27/FeaturePacks/TP_VehicleAdvBP.upack)
[2024.01.08-12.02.17:709][  0]LogPakFile: OnPakFileMounted2Time == 0.000108
[2024.01.08-12.02.17:712][  0]LogPakFile: PakFile PrimaryIndexSize=185
[2024.01.08-12.02.17:712][  0]LogPakFile: PakFile PathHashIndexSize=101
[2024.01.08-12.02.17:712][  0]LogPakFile: PakFile FullDirectoryIndexSize=144
[2024.01.08-12.02.17:712][  0]LogShaderLibrary: Display: ShaderCodeLibraryPakFileMountedCallback: PakFile 'C:/Program Files/Epic Games/UE_4.27/FeaturePacks/TP_VehicleBP.upack' (chunk index -1, root 'root:/') mounted
[2024.01.08-12.02.17:712][  0]LogShaderLibrary: Display: ShaderCodeLibraryPakFileMountedCallback: pending pak file info (ChunkID:-1 Root:root:/ File:C:/Program Files/Epic Games/UE_4.27/FeaturePacks/TP_VehicleBP.upack)
[2024.01.08-12.02.17:712][  0]LogPakFile: OnPakFileMounted2Time == 0.000100
[2024.01.08-12.02.17:714][  0]LogPakFile: PakFile PrimaryIndexSize=192
[2024.01.08-12.02.17:715][  0]LogPakFile: PakFile PathHashIndexSize=101
[2024.01.08-12.02.17:715][  0]LogPakFile: PakFile FullDirectoryIndexSize=158
[2024.01.08-12.02.17:715][  0]LogShaderLibrary: Display: ShaderCodeLibraryPakFileMountedCallback: PakFile 'C:/Program Files/Epic Games/UE_4.27/FeaturePacks/TP_VirtualRealityBP.upack' (chunk index -1, root 'root:/') mounted
[2024.01.08-12.02.17:715][  0]LogShaderLibrary: Display: ShaderCodeLibraryPakFileMountedCallback: pending pak file info (ChunkID:-1 Root:root:/ File:C:/Program Files/Epic Games/UE_4.27/FeaturePacks/TP_VirtualRealityBP.upack)
[2024.01.08-12.02.17:715][  0]LogPakFile: OnPakFileMounted2Time == 0.000096
[2024.01.08-12.02.17:921][  0]LogNativeClassHierarchy: Verbose: Native class hierarchy updated for 'AddContentDialog' in 0.0005 seconds. Added 0 classes and 0 folders.
[2024.01.08-12.02.17:923][  0]LogNativeClassHierarchy: Verbose: Native class hierarchy updated for 'SceneOutliner' in 0.0005 seconds. Added 2 classes and 0 folders.
[2024.01.08-12.02.17:970][  0]LogNativeClassHierarchy: Verbose: Native class hierarchy updated for 'HierarchicalLODOutliner' in 0.0005 seconds. Added 0 classes and 0 folders.
[2024.01.08-12.02.17:970][  0]LogLoad: (Engine Initialization) Total time: 23.27 seconds
[2024.01.08-12.02.17:971][  0]LogLoad: (Engine Initialization) Total Blueprint compile time: 0.00 seconds
[2024.01.08-12.02.18:043][  0]LogContentStreaming: Texture pool size now 1000 MB
[2024.01.08-12.02.18:045][  0]LogSlate: Took 0.000600 seconds to synchronously load lazily loaded font '../../../Engine/Content/Slate/Fonts/Roboto-Regular.ttf' (155K)
[2024.01.08-12.02.18:047][  0]LogSlate: Took 0.000582 seconds to synchronously load lazily loaded font '../../../Engine/Content/Editor/Slate/Fonts/FontAwesome.ttf' (139K)
[2024.01.08-12.02.18:050][  0]LogSlate: Took 0.000711 seconds to synchronously load lazily loaded font '../../../Engine/Content/Slate/Fonts/Roboto-Bold.ttf' (160K)
[2024.01.08-12.02.18:184][  0]LogSlate: Took 0.000610 seconds to synchronously load lazily loaded font '../../../Engine/Content/Slate/Fonts/Roboto-Light.ttf' (167K)
[2024.01.08-12.02.18:241][  1]LogRenderer: Reallocating scene render targets to support 640x372 Format 10 NumSamples 1 (Frame:1).
[2024.01.08-12.02.18:274][  1]LogAssetRegistry: Asset discovery search completed in 10.9713 seconds
[2024.01.08-12.02.18:293][  1]LogCollectionManager: Fixed up redirectors for 0 collections in 0.000006 seconds (updated 0 objects)
